#
# A fatal error has been detected by the Java Runtime Environment:
#
#  SIGSEGV (0xb) at pc=0x00007fd3538ad3f8, pid=20402, tid=140545506666240
#
# JRE version: 6.0_22-b22
# Java VM: OpenJDK 64-Bit Server VM (20.0-b11 mixed mode linux-amd64 compressed oops)
# Derivative: IcedTea6 1.10.2
# Distribution: Ubuntu 11.04, package 6b22-1.10.2-0ubuntu1~11.04.1
# Problematic frame:
# V  [libjvm.so+0x5ec3f8]  PhaseIdealLoop::build_loop_late_post(Node*)+0x158
#
# If you would like to submit a bug report, please include
# instructions how to reproduce the bug and visit:
#   https://bugs.launchpad.net/ubuntu/+source/openjdk-6/
#

---------------  T H R E A D  ---------------

Current thread (0x00007fd348057800):  JavaThread "C2 CompilerThread0" daemon [_thread_in_native, id=20412, stack(0x00007fd34cefe000,0x00007fd34cfff000)]

siginfo:si_signo=SIGSEGV: si_errno=0, si_code=1 (SEGV_MAPERR), si_addr=0x0000000000000008

Registers:
RAX=0x0000000000000000, RBX=0x00007fd34cffba90, RCX=0x00007fd3494772b0, RDX=0x0000000000002000
RSP=0x00007fd34cffa2b0, RBP=0x00007fd34cffa2f0, RSI=0x0000000002421e20, RDI=0x0000000000000000
R8 =0x00000000036124d0, R9 =0x00007fd34cffba90, R10=0x0000000002421e20, R11=0x0000000000000000
R12=0x00000000030eab40, R13=0x00007fd34866aca8, R14=0x00007fd34cffbab0, R15=0x00007fd3487bfd38
RIP=0x00007fd3538ad3f8, EFLAGS=0x0000000000010283, CSGSFS=0x0000000000000033, ERR=0x0000000000000004
  TRAPNO=0x000000000000000e

Top of Stack: (sp=0x00007fd34cffa2b0)
0x00007fd34cffa2b0:   00000000023a68b8 00007fd34cffa580
0x00007fd34cffa2c0:   00007fd34cffa2f0 00007fd34cffba90
0x00007fd34cffa2d0:   0000000000000002 00000000030eab40
0x00007fd34cffa2e0:   000000000342e548 00007fd34cffa580
0x00007fd34cffa2f0:   00007fd34cffa360 00007fd3538ad9db
0x00007fd34cffa300:   0000000000000001 0000000000000100
0x00007fd34cffa310:   00007fd300000001 00007fd34cffc430
0x00007fd34cffa320:   00007fd34cffa560 00007fd34cffa5c0
0x00007fd34cffa330:   0000000000001804 00007fd34cffba90
0x00007fd34cffa340:   0000000000000001 0000000000000007
0x00007fd34cffa350:   0000000000000001 00007fd34962a670
0x00007fd34cffa360:   00007fd34cffa610 00007fd3538ae317
0x00007fd34cffa370:   00000000e15298e8 00007fd353a56016
0x00007fd34cffa380:   00007fd34cffa3d0 00007fd34962a600
0x00007fd34cffa390:   00007fd34cffa3e0 00007fd34cffbab0
0x00007fd34cffa3a0:   00007fd34cffa3d0 000000000326fcb0
0x00007fd34cffa3b0:   00007fd353ea48a0 00000000e15298e8
0x00007fd34cffa3c0:   00007fd34cffa410 00007fd35392ac07
0x00007fd34cffa3d0:   00007fd34cffa3f0 00007fd35392a167
0x00007fd34cffa3e0:   00007fd34cffa410 0000000000000000
0x00007fd34cffa3f0:   00007fd34cffa410 000000000000ffa0
0x00007fd34cffa400:   000000000001ffc0 00007fd34cffa440
0x00007fd34cffa410:   00007fd34cffa430 00007fd35374b605
0x00007fd34cffa420:   00000000034cc760 0000000004327640
0x00007fd34cffa430:   0000000003350f20 000000004cffb080
0x00007fd34cffa440:   00007fd34cffa4a0 0000000003428730
0x00007fd34cffa450:   00000000043276f0 00007fd3542691c0
0x00007fd34cffa460:   00007fd34cffa4f0 0000000000010010
0x00007fd34cffa470:   00007fd348cc6fa0 0000000000010000
0x00007fd34cffa480:   00007fd348cc85b8 00007fd353f5631e
0x00007fd34cffa490:   00000000032998d0 00007fd34cffb080
0x00007fd34cffa4a0:   00007fd34cffa580 00007fd3535ea741 

Instructions: (pc=0x00007fd3538ad3f8)
0x00007fd3538ad3d8:   84 d8 03 00 00 8b 70 28 49 89 c7 0f 1f 44 00 00
0x00007fd3538ad3e8:   4c 8b 93 e0 09 00 00 89 f6 49 8d 34 f2 48 8b 06
0x00007fd3538ad3f8:   48 8b 50 08 48 83 3a 00 75 27 8b 4b 28 0f 1f 00
0x00007fd3538ad408:   8b 50 28 31 c0 39 ca 73 0e 48 8b 43 30 89 d2 48 

Register to memory mapping:

RAX=0x0000000000000000 is an unknown value
RBX=0x00007fd34cffba90 is pointing into the stack for thread: 0x00007fd348057800
RCX=0x00007fd3494772b0 is an unknown value
RDX=0x0000000000002000 is an unknown value
RSP=0x00007fd34cffa2b0 is pointing into the stack for thread: 0x00007fd348057800
RBP=0x00007fd34cffa2f0 is pointing into the stack for thread: 0x00007fd348057800
RSI=0x0000000002421e20 is an unknown value
RDI=0x0000000000000000 is an unknown value
R8 =0x00000000036124d0 is an unknown value
R9 =0x00007fd34cffba90 is pointing into the stack for thread: 0x00007fd348057800
R10=0x0000000002421e20 is an unknown value
R11=0x0000000000000000 is an unknown value
R12=0x00000000030eab40 is an unknown value
R13=0x00007fd34866aca8 is an unknown value
R14=0x00007fd34cffbab0 is pointing into the stack for thread: 0x00007fd348057800
R15=0x00007fd3487bfd38 is an unknown value


Stack: [0x00007fd34cefe000,0x00007fd34cfff000],  sp=0x00007fd34cffa2b0,  free space=1008k
Native frames: (J=compiled Java code, j=interpreted, Vv=VM code, C=native code)
V  [libjvm.so+0x5ec3f8]  PhaseIdealLoop::build_loop_late_post(Node*)+0x158
V  [libjvm.so+0x5ec9db]  PhaseIdealLoop::build_loop_late(VectorSet&, Node_List&, Node_Stack&)+0x10b
V  [libjvm.so+0x5ed317]  PhaseIdealLoop::build_and_optimize(bool, bool)+0x757
V  [libjvm.so+0x3929b5]  Compile::Optimize()+0xdc5
V  [libjvm.so+0x393649]  Compile::Compile(ciEnv*, C2Compiler*, ciMethod*, int, bool, bool)+0xae9
V  [libjvm.so+0x319a20]  C2Compiler::compile_method(ciEnv*, ciMethod*, int)+0xe0
V  [libjvm.so+0x397f24]  CompileBroker::invoke_compiler_on_method(CompileTask*)+0x294
V  [libjvm.so+0x398771]  CompileBroker::compiler_thread_loop()+0x381
V  [libjvm.so+0x793618]  JavaThread::thread_main_inner()+0x58
V  [libjvm.so+0x686c02]  java_start(Thread*)+0x112


Current CompileTask:
C2:1611388 2826      jregex.Pretokenizer.next()V (1064 bytes)


---------------  P R O C E S S  ---------------

Java Threads: ( => current thread )
  0x00007fd34a8a4800 JavaThread "net.sf.ehcache.CacheManager@1827c6d3" daemon [_thread_blocked, id=20696, stack(0x00007fd34c212000,0x00007fd34c313000)]
  0x00007fd3486d9000 JavaThread "New I/O server worker #1-3" [_thread_in_native, id=20692, stack(0x00007fd3475f1000,0x00007fd3476f2000)]
  0x00007fd348794800 JavaThread "New I/O server worker #1-2" [_thread_in_native, id=20691, stack(0x00007fd3477f3000,0x00007fd3478f4000)]
  0x00007fd348695000 JavaThread "New I/O server worker #1-1" [_thread_in_native, id=20690, stack(0x00007fd347eff000,0x00007fd348000000)]
  0x00007fd3485b1800 JavaThread "New I/O server worker #1-4" [_thread_in_native, id=20689, stack(0x00007fd3476f2000,0x00007fd3477f3000)]
  0x0000000003c88800 JavaThread "com.mchange.v2.async.ThreadPoolAsynchronousRunner$PoolThread-#2" daemon [_thread_blocked, id=20478, stack(0x00007fd3478f4000,0x00007fd3479f5000)]
  0x0000000002329800 JavaThread "com.mchange.v2.async.ThreadPoolAsynchronousRunner$PoolThread-#1" daemon [_thread_blocked, id=20477, stack(0x00007fd3479f5000,0x00007fd347af6000)]
  0x0000000002516000 JavaThread "com.mchange.v2.async.ThreadPoolAsynchronousRunner$PoolThread-#0" daemon [_thread_blocked, id=20476, stack(0x00007fd347af6000,0x00007fd347bf7000)]
  0x0000000002460000 JavaThread "Timer-0" daemon [_thread_blocked, id=20475, stack(0x00007fd347bf7000,0x00007fd347cf8000)]
  0x0000000001fa3800 JavaThread "play-thread-1" [_thread_blocked, id=20421, stack(0x00007fd34c111000,0x00007fd34c212000)]
  0x00007fd3484ca000 JavaThread "DestroyJavaVM" [_thread_blocked, id=20403, stack(0x00007fd354ba4000,0x00007fd354ca5000)]
  0x00007fd3484d3000 JavaThread "New I/O server boss #1 ([id: 0x7e98cbf7, /0:0:0:0:0:0:0:0:9000])" [_thread_in_native, id=20418, stack(0x00007fd34c313000,0x00007fd34c414000)]
  0x00007fd34805d000 JavaThread "Low Memory Detector" daemon [_thread_blocked, id=20414, stack(0x00007fd34ccfc000,0x00007fd34cdfd000)]
  0x00007fd34805a800 JavaThread "C2 CompilerThread1" daemon [_thread_blocked, id=20413, stack(0x00007fd34cdfd000,0x00007fd34cefe000)]
=>0x00007fd348057800 JavaThread "C2 CompilerThread0" daemon [_thread_in_native, id=20412, stack(0x00007fd34cefe000,0x00007fd34cfff000)]
  0x00007fd348055000 JavaThread "JDWP Event Helper Thread" daemon [_thread_blocked, id=20411, stack(0x00007fd34cfff000,0x00007fd34d100000)]
  0x00007fd348051800 JavaThread "JDWP Transport Listener: dt_socket" daemon [_thread_in_native, id=20410, stack(0x00007fd34d100000,0x00007fd34d201000)]
  0x00007fd34801f000 JavaThread "Signal Dispatcher" daemon [_thread_blocked, id=20409, stack(0x00007fd34d406000,0x00007fd34d507000)]
  0x00007fd348001000 JavaThread "Finalizer" daemon [_thread_blocked, id=20408, stack(0x00007fd34d507000,0x00007fd34d608000)]
  0x0000000001c69800 JavaThread "Reference Handler" daemon [_thread_blocked, id=20407, stack(0x00007fd34d608000,0x00007fd34d709000)]

Other Threads:
  0x0000000001c62800 VMThread [stack: 0x00007fd34d709000,0x00007fd34d80a000] [id=20406]
  0x00007fd348068800 WatcherThread [stack: 0x00007fd34cbfb000,0x00007fd34ccfc000] [id=20415]

VM state:not at safepoint (normal execution)

VM Mutex/Monitor currently owned by a thread: None

Heap
 PSYoungGen      total 151616K, used 84977K [0x00000000f5560000, 0x0000000100000000, 0x0000000100000000)
  eden space 127680K, 55% used [0x00000000f5560000,0x00000000f9aef858,0x00000000fd210000)
  from space 23936K, 57% used [0x00000000fe8a0000,0x00000000ff60ce48,0x0000000100000000)
  to   space 23104K, 0% used [0x00000000fd210000,0x00000000fd210000,0x00000000fe8a0000)
 PSOldGen        total 349568K, used 237062K [0x00000000e0000000, 0x00000000f5560000, 0x00000000f5560000)
  object space 349568K, 67% used [0x00000000e0000000,0x00000000ee781898,0x00000000f5560000)
 PSPermGen       total 262144K, used 78352K [0x00000000d0000000, 0x00000000e0000000, 0x00000000e0000000)
  object space 262144K, 29% used [0x00000000d0000000,0x00000000d4c84330,0x00000000e0000000)

Code Cache  [0x00007fd34e1a6000, 0x00007fd34ebe6000, 0x00007fd3511a6000)
 total_blobs=3239 nmethods=2616 adapters=583 free_code_cache=39766848 largest_free_block=31168

Dynamic libraries:
00400000-00409000 r-xp 00000000 08:01 1444209                            /usr/lib/jvm/java-6-openjdk/jre/bin/java
00608000-00609000 r--p 00008000 08:01 1444209                            /usr/lib/jvm/java-6-openjdk/jre/bin/java
00609000-0060a000 rw-p 00009000 08:01 1444209                            /usr/lib/jvm/java-6-openjdk/jre/bin/java
01bec000-047b0000 rw-p 00000000 00:00 0                                  [heap]
d0000000-100000000 rw-p 00000000 00:00 0 
7fd340000000-7fd3401c1000 rw-p 00000000 00:00 0 
7fd3401c1000-7fd344000000 ---p 00000000 00:00 0 
7fd3475f1000-7fd3475f4000 ---p 00000000 00:00 0 
7fd3475f4000-7fd3476f2000 rw-p 00000000 00:00 0 
7fd3476f2000-7fd3476f5000 ---p 00000000 00:00 0 
7fd3476f5000-7fd3477f3000 rw-p 00000000 00:00 0 
7fd3477f3000-7fd3477f6000 ---p 00000000 00:00 0 
7fd3477f6000-7fd3478f4000 rw-p 00000000 00:00 0 
7fd3478f4000-7fd3478f7000 ---p 00000000 00:00 0 
7fd3478f7000-7fd3479f5000 rw-p 00000000 00:00 0 
7fd3479f5000-7fd3479f8000 ---p 00000000 00:00 0 
7fd3479f8000-7fd347af6000 rw-p 00000000 00:00 0 
7fd347af6000-7fd347af9000 ---p 00000000 00:00 0 
7fd347af9000-7fd347bf7000 rw-p 00000000 00:00 0 
7fd347bf7000-7fd347bfa000 ---p 00000000 00:00 0 
7fd347bfa000-7fd347cf8000 rw-p 00000000 00:00 0 
7fd347cf8000-7fd347cfe000 r-xp 00000000 08:01 1447321                    /usr/lib/jvm/java-6-openjdk/jre/lib/amd64/libmanagement.so
7fd347cfe000-7fd347efd000 ---p 00006000 08:01 1447321                    /usr/lib/jvm/java-6-openjdk/jre/lib/amd64/libmanagement.so
7fd347efd000-7fd347efe000 r--p 00005000 08:01 1447321                    /usr/lib/jvm/java-6-openjdk/jre/lib/amd64/libmanagement.so
7fd347efe000-7fd347eff000 rw-p 00006000 08:01 1447321                    /usr/lib/jvm/java-6-openjdk/jre/lib/amd64/libmanagement.so
7fd347eff000-7fd347f02000 ---p 00000000 00:00 0 
7fd347f02000-7fd348000000 rw-p 00000000 00:00 0 
7fd348000000-7fd34af80000 rw-p 00000000 00:00 0 
7fd34af80000-7fd34c000000 ---p 00000000 00:00 0 
7fd34c0e0000-7fd34c0e4000 r--s 00038000 08:01 1314002                    /usr/lib/jvm/java-6-openjdk/jre/lib/ext/sunpkcs11.jar
7fd34c0e4000-7fd34c0e7000 r--s 00031000 08:01 1314004                    /usr/lib/jvm/java-6-openjdk/jre/lib/ext/sunjce_provider.jar
7fd34c0e7000-7fd34c0e9000 r--s 00001000 08:01 1314005                    /usr/lib/jvm/java-6-openjdk/jre/lib/ext/dnsns.jar
7fd34c0e9000-7fd34c0ec000 r--s 00077000 08:01 1314003                    /usr/lib/jvm/java-6-openjdk/jre/lib/ext/localedata.jar
7fd34c0ec000-7fd34c0f6000 r--s 000d4000 08:01 1183703                    /usr/lib/jvm/java-6-openjdk/jre/lib/rhino.jar
7fd34c0f6000-7fd34c104000 r--s 00351000 08:01 1183624                    /usr/lib/jvm/java-6-openjdk/jre/lib/charsets.jar
7fd34c104000-7fd34c106000 r--s 00013000 08:01 1183623                    /usr/lib/jvm/java-6-openjdk/jre/lib/jce.jar
7fd34c106000-7fd34c10d000 r--s 000fb000 08:01 1183708                    /usr/lib/jvm/java-6-openjdk/jre/lib/resources.jar
7fd34c10d000-7fd34c111000 r--s 0001e000 08:01 3674062                    /home/detriusxiiuser/play-1.2.3/modules/scala-0.9.1/dlib/compiler-interface-bin-0.9.5.jar
7fd34c111000-7fd34c114000 ---p 00000000 00:00 0 
7fd34c114000-7fd34c212000 rw-p 00000000 00:00 0 
7fd34c212000-7fd34c215000 ---p 00000000 00:00 0 
7fd34c215000-7fd34c313000 rw-p 00000000 00:00 0 
7fd34c313000-7fd34c316000 ---p 00000000 00:00 0 
7fd34c316000-7fd34c414000 rw-p 00000000 00:00 0 
7fd34c414000-7fd34c41c000 r-xp 00000000 08:01 1444318                    /usr/lib/jvm/java-6-openjdk/jre/lib/amd64/libnio.so
7fd34c41c000-7fd34c61b000 ---p 00008000 08:01 1444318                    /usr/lib/jvm/java-6-openjdk/jre/lib/amd64/libnio.so
7fd34c61b000-7fd34c61c000 r--p 00007000 08:01 1444318                    /usr/lib/jvm/java-6-openjdk/jre/lib/amd64/libnio.so
7fd34c61c000-7fd34c61d000 rw-p 00008000 08:01 1444318                    /usr/lib/jvm/java-6-openjdk/jre/lib/amd64/libnio.so
7fd34c61d000-7fd34c632000 r-xp 00000000 08:01 1447297                    /usr/lib/jvm/java-6-openjdk/jre/lib/amd64/libnet.so
7fd34c632000-7fd34c831000 ---p 00015000 08:01 1447297                    /usr/lib/jvm/java-6-openjdk/jre/lib/amd64/libnet.so
7fd34c831000-7fd34c832000 r--p 00014000 08:01 1447297                    /usr/lib/jvm/java-6-openjdk/jre/lib/amd64/libnet.so
7fd34c832000-7fd34c833000 rw-p 00015000 08:01 1447297                    /usr/lib/jvm/java-6-openjdk/jre/lib/amd64/libnet.so
7fd34c833000-7fd34c835000 r--s 00001000 08:01 2759829                    /home/detriusxiiuser/play-1.2.3/framework/lib/jsr107cache-1.0.jar
7fd34c835000-7fd34c836000 r--s 00002000 08:01 2759843                    /home/detriusxiiuser/play-1.2.3/framework/lib/slf4j-log4j12-1.6.1.jar
7fd34c836000-7fd34c83d000 r--s 0006a000 08:01 2759834                    /home/detriusxiiuser/play-1.2.3/framework/lib/mail-1.4.3.jar
7fd34c83d000-7fd34c840000 r--s 00022000 08:01 2759819                    /home/detriusxiiuser/play-1.2.3/framework/lib/jamon-2.7.jar
7fd34c840000-7fd34c869000 r--s 00403000 08:01 2759838                    /home/detriusxiiuser/play-1.2.3/framework/lib/org.eclipse.jdt.core-3.6.0.jar
7fd34c869000-7fd34c874000 r--s 00124000 08:01 2759809                    /home/detriusxiiuser/play-1.2.3/framework/lib/h2-1.3.149.jar
7fd34c874000-7fd34c8c8000 r--s 00516000 08:01 2759807                    /home/detriusxiiuser/play-1.2.3/framework/lib/groovy-all-1.7.7.jar
7fd34c8c8000-7fd34c8ed000 r--s 00172000 08:01 2759791                    /home/detriusxiiuser/play-1.2.3/framework/lib/bcprov-jdk15-1.45.jar
7fd34c8ed000-7fd34c8ef000 r--s 00008000 08:01 2759841                    /home/detriusxiiuser/play-1.2.3/framework/lib/signpost-core-1.2.jar
7fd34c8ef000-7fd34c8fe000 r--s 00074000 08:01 2759827                    /home/detriusxiiuser/play-1.2.3/framework/lib/joda-time-1.6.jar
7fd34c8fe000-7fd34c8ff000 r--s 00000000 08:01 2759821                    /home/detriusxiiuser/play-1.2.3/framework/lib/javax.inject-1.0.jar
7fd34c8ff000-7fd34c901000 r--s 0000d000 08:01 2759798                    /home/detriusxiiuser/play-1.2.3/framework/lib/commons-fileupload-1.2.2.jar
7fd34c901000-7fd34c904000 r--s 0000f000 08:01 2759806                    /home/detriusxiiuser/play-1.2.3/framework/lib/geronimo-servlet_2.5_spec-1.2.jar
7fd34c904000-7fd34c90a000 r--s 00034000 08:01 2759831                    /home/detriusxiiuser/play-1.2.3/framework/lib/junit-4.8.1.jar
7fd34c90a000-7fd34c915000 r--s 0005a000 08:01 2759845                    /home/detriusxiiuser/play-1.2.3/framework/lib/xstream-1.3.jar
7fd34c915000-7fd34c91a000 r--s 0002e000 08:01 2759789                    /home/detriusxiiuser/play-1.2.3/framework/lib/asm-all-3.3.1.jar
7fd34c91a000-7fd34c91d000 r--s 0000f000 08:01 2759811                    /home/detriusxiiuser/play-1.2.3/framework/lib/hibernate-commons-annotations-3.2.0.Final.jar
7fd34c91d000-7fd34c94f000 r--s 002c7000 08:01 2759813                    /home/detriusxiiuser/play-1.2.3/framework/lib/hibernate-core-3.6.1.Final.jar
7fd34c94f000-7fd34c951000 r--s 0000e000 08:01 2759800                    /home/detriusxiiuser/play-1.2.3/framework/lib/commons-javaflow-1066591.jar
7fd34c951000-7fd34c960000 r--s 000b2000 08:01 2759837                    /home/detriusxiiuser/play-1.2.3/framework/lib/netty-3.2.4.Final.jar
7fd34c960000-7fd34c965000 r--s 00034000 08:01 2759794                    /home/detriusxiiuser/play-1.2.3/framework/lib/commons-beanutils-1.8.3.jar
7fd34c965000-7fd34c96b000 r--s 00038000 08:01 2759844                    /home/detriusxiiuser/play-1.2.3/framework/lib/snakeyaml-1.7.jar
7fd34c96b000-7fd34c96f000 r--s 00027000 08:01 2759808                    /home/detriusxiiuser/play-1.2.3/framework/lib/gson-1.7.1.jar
7fd34c96f000-7fd34c976000 r--s 00059000 08:01 2759833                    /home/detriusxiiuser/play-1.2.3/framework/lib/log4j-1.2.15.jar
7fd34c976000-7fd34c978000 r--s 00015000 08:01 2759828                    /home/detriusxiiuser/play-1.2.3/framework/lib/jregex-1.2_01.jar
7fd34c978000-7fd34c97d000 r--s 00041000 08:01 2759801                    /home/detriusxiiuser/play-1.2.3/framework/lib/commons-lang-2.6.jar
7fd34c97d000-7fd34c97e000 r--s 00007000 08:01 2759797                    /home/detriusxiiuser/play-1.2.3/framework/lib/commons-email-1.2.jar
7fd34c97e000-7fd34c984000 r--s 00049000 08:01 2759793                    /home/detriusxiiuser/play-1.2.3/framework/lib/cglib-nodep-2.2.jar
7fd34c984000-7fd34c98a000 r--s 00049000 08:01 2759790                    /home/detriusxiiuser/play-1.2.3/framework/lib/async-http-client-1.6.3.jar
7fd34c98a000-7fd34c995000 r--s 0008b000 08:01 2759792                    /home/detriusxiiuser/play-1.2.3/framework/lib/c3p0-0.9.1.2.jar
7fd34c995000-7fd34c9a3000 r--s 0007f000 08:01 2759796                    /home/detriusxiiuser/play-1.2.3/framework/lib/commons-collections-3.2.1.jar
7fd34c9a3000-7fd34c9a5000 r--s 0000b000 08:01 2759825                    /home/detriusxiiuser/play-1.2.3/framework/lib/jj-textile.jar
7fd34c9a5000-7fd34c9ac000 r--s 00038000 08:01 2759826                    /home/detriusxiiuser/play-1.2.3/framework/lib/jj-wikitext.jar
7fd34c9ac000-7fd34c9b4000 r--s 0008a000 08:01 2759820                    /home/detriusxiiuser/play-1.2.3/framework/lib/javassist-3.9.0.GA.jar
7fd34c9b4000-7fd34c9b6000 r--s 00005000 08:01 2759842                    /home/detriusxiiuser/play-1.2.3/framework/lib/slf4j-api-1.6.1.jar
7fd34c9b6000-7fd34c9bd000 r--s 00049000 08:01 2759839                    /home/detriusxiiuser/play-1.2.3/framework/lib/oval-1.50.jar
7fd34c9bd000-7fd34c9c2000 r--s 00014000 08:01 2759817                    /home/detriusxiiuser/play-1.2.3/framework/lib/hibernate-jpa-2.0-api-1.0.0.Final.jar
7fd34c9c2000-7fd34c9cb000 r--s 0005d000 08:01 2759815                    /home/detriusxiiuser/play-1.2.3/framework/lib/hibernate-entitymanager-3.6.0.Final.jar
7fd34c9cb000-7fd34c9ce000 r--s 00011000 08:01 2759805                    /home/detriusxiiuser/play-1.2.3/framework/lib/ezmorph-1.0.3.jar
7fd34c9ce000-7fd34c9d4000 r--s 00067000 08:01 2759788                    /home/detriusxiiuser/play-1.2.3/framework/lib/antlr-2.7.6.jar
7fd34c9d4000-7fd34c9d6000 r--s 00015000 08:01 2759824                    /home/detriusxiiuser/play-1.2.3/framework/lib/jj-simplecaptcha.jar
7fd34c9d6000-7fd34c9d8000 r--s 0000d000 08:01 2759795                    /home/detriusxiiuser/play-1.2.3/framework/lib/commons-codec-1.4.jar
7fd34c9d8000-7fd34c9de000 r--s 00040000 08:01 2759835                    /home/detriusxiiuser/play-1.2.3/framework/lib/memcached-2.6.jar
7fd34c9de000-7fd34c9e0000 r--s 0000d000 08:01 2759802                    /home/detriusxiiuser/play-1.2.3/framework/lib/commons-logging-1.1.1.jar
7fd34c9e0000-7fd34c9ef000 r--s 000d9000 08:01 2759818                    /home/detriusxiiuser/play-1.2.3/framework/lib/ivy-2.2.0.jar
7fd34c9ef000-7fd34c9f1000 r--s 0000c000 08:01 2759787                    /home/detriusxiiuser/play-1.2.3/framework/lib/activation-1.1.1.jar
7fd34c9f1000-7fd34c9fb000 r--s 0006f000 08:01 2759804                    /home/detriusxiiuser/play-1.2.3/framework/lib/ehcache-core-2.0.0.jar
7fd34c9fb000-7fd34c9fe000 r--s 00024000 08:01 2759799                    /home/detriusxiiuser/play-1.2.3/framework/lib/commons-io-2.0.1.jar
7fd34c9fe000-7fd34ca04000 r--s 00032000 08:01 2759822                    /home/detriusxiiuser/play-1.2.3/framework/lib/jaxen-1.1.jar
7fd34ca04000-7fd34ca06000 r--s 00002000 08:01 2759830                    /home/detriusxiiuser/play-1.2.3/framework/lib/jta-1.1.jar
7fd34ca06000-7fd34ca0c000 r--s 0007e000 08:01 2759840                    /home/detriusxiiuser/play-1.2.3/framework/lib/postgresql-9.0.jar
7fd34ca0c000-7fd34ca11000 r--s 00020000 08:01 2759823                    /home/detriusxiiuser/play-1.2.3/framework/lib/jj-imaging.jar
7fd34ca11000-7fd34ca18000 r--s 000b7000 08:01 2759836                    /home/detriusxiiuser/play-1.2.3/framework/lib/mysql-connector-java-5.1.13.jar
7fd34ca18000-7fd34ca1d000 r--s 00048000 08:01 2759803                    /home/detriusxiiuser/play-1.2.3/framework/lib/dom4j-1.6.1.jar
7fd34ca1d000-7fd34ca1e000 r--s 00001000 08:01 4986498                    /home/detriusxiiuser/play-1.2.3/modules/scala-0.9.1/lib/launcher-interface-0.9.5.jar
7fd34ca1e000-7fd34ca20000 r--s 0000d000 08:01 4986508                    /home/detriusxiiuser/play-1.2.3/modules/scala-0.9.1/lib/play-scala-compiler.jar
7fd34ca20000-7fd34ca3e000 r--s 00196000 08:01 4986522                    /home/detriusxiiuser/play-1.2.3/modules/scala-0.9.1/lib/scalatest-1.2-for-scala-2.8.0.RC7-SNAPSHOT.jar
7fd34ca3e000-7fd34ca41000 r--s 0000f000 08:01 4986526                    /home/detriusxiiuser/play-1.2.3/modules/scala-0.9.1/lib/testing_2.8.1-0.9.5.jar
7fd34ca41000-7fd34ca42000 r--s 00002000 08:01 4986489                    /home/detriusxiiuser/play-1.2.3/modules/scala-0.9.1/lib/control_2.8.1-0.9.5.jar
7fd34ca42000-7fd34ca46000 r--s 00028000 08:01 4986484                    /home/detriusxiiuser/play-1.2.3/modules/scala-0.9.1/lib/collections_2.8.1-0.9.5.jar
7fd34ca46000-7fd34cae1000 r--s 007f7000 08:01 4986520                    /home/detriusxiiuser/play-1.2.3/modules/scala-0.9.1/lib/scala-compiler.jar
7fd34cae1000-7fd34cae8000 r--s 00044000 08:01 4986480                    /home/detriusxiiuser/play-1.2.3/modules/scala-0.9.1/lib/api_2.8.1-0.9.5.jar
7fd34cae8000-7fd34caeb000 r--s 0001b000 08:01 4986523                    /home/detriusxiiuser/play-1.2.3/modules/scala-0.9.1/lib/task-system_2.8.1-0.9.5.jar
7fd34caeb000-7fd34caed000 r--s 00019000 08:01 4986481                    /home/detriusxiiuser/play-1.2.3/modules/scala-0.9.1/lib/cache_2.8.1-0.9.5.jar
7fd34caed000-7fd34caf3000 r--s 00044000 08:01 4986497                    /home/detriusxiiuser/play-1.2.3/modules/scala-0.9.1/lib/launcher-0.9.5.jar
7fd34caf3000-7fd34caf6000 r--s 00019000 08:01 4986507                    /home/detriusxiiuser/play-1.2.3/modules/scala-0.9.1/lib/persist_2.8.1-0.9.5.jar
7fd34caf6000-7fd34caf9000 r--s 00012000 08:01 4986514                    /home/detriusxiiuser/play-1.2.3/modules/scala-0.9.1/lib/run_2.8.1-0.9.5.jar
7fd34caf9000-7fd34caff000 r--s 0003e000 08:01 4986494                    /home/detriusxiiuser/play-1.2.3/modules/scala-0.9.1/lib/io_2.8.1-0.9.5.jar
7fd34caff000-7fd34cb04000 r--s 0002f000 08:01 4986487                    /home/detriusxiiuser/play-1.2.3/modules/scala-0.9.1/lib/configgy-2.0.2-nologgy.jar
7fd34cb04000-7fd34cb08000 r--s 00020000 08:01 4986491                    /home/detriusxiiuser/play-1.2.3/modules/scala-0.9.1/lib/incremental-compiler_2.8.1-0.9.5.jar
7fd34cb08000-7fd34cb09000 r--s 00003000 08:01 4986516                    /home/detriusxiiuser/play-1.2.3/modules/scala-0.9.1/lib/sbt_2.8.1-0.9.5.jar
7fd34cb09000-7fd34cb0b000 r--s 00012000 08:01 4986482                    /home/detriusxiiuser/play-1.2.3/modules/scala-0.9.1/lib/classfile_2.8.1-0.9.5.jar
7fd34cb0b000-7fd34cb0d000 r--s 00010000 08:01 4986483                    /home/detriusxiiuser/play-1.2.3/modules/scala-0.9.1/lib/classpath_2.8.1-0.9.5.jar
7fd34cb0d000-7fd34cb0e000 r--s 00003000 08:01 4986528                    /home/detriusxiiuser/play-1.2.3/modules/scala-0.9.1/lib/uuid-3.2.jar
7fd34cb0e000-7fd34cb13000 r--s 00035000 08:01 4986478                    /home/detriusxiiuser/play-1.2.3/modules/scala-0.9.1/lib/actions_2.8.1-0.9.5.jar
7fd34cb13000-7fd34cb17000 r--s 00021000 08:01 4986515                    /home/detriusxiiuser/play-1.2.3/modules/scala-0.9.1/lib/sbinary_2.8.0-0.3.1.jar
7fd34cb17000-7fd34cb76000 r--s 005d3000 08:01 4986521                    /home/detriusxiiuser/play-1.2.3/modules/scala-0.9.1/lib/scala-library.jar
7fd34cb76000-7fd34cb89000 r--s 000d6000 08:01 4986509                    /home/detriusxiiuser/play-1.2.3/modules/scala-0.9.1/lib/play-scala.jar
7fd34cb89000-7fd34cb8b000 r--s 00009000 08:01 4986527                    /home/detriusxiiuser/play-1.2.3/modules/scala-0.9.1/lib/tracking_2.8.1-0.9.5.jar
7fd34cb8b000-7fd34cb93000 r--s 0005e000 08:01 4986496                    /home/detriusxiiuser/play-1.2.3/modules/scala-0.9.1/lib/ivy_2.8.1-0.9.5.jar
7fd34cb93000-7fd34cb99000 r--s 0003f000 08:01 4986486                    /home/detriusxiiuser/play-1.2.3/modules/scala-0.9.1/lib/completion_2.8.1-0.9.5.jar
7fd34cb99000-7fd34cb9d000 r--s 00018000 08:01 4986510                    /home/detriusxiiuser/play-1.2.3/modules/scala-0.9.1/lib/process_2.8.1-0.9.5.jar
7fd34cb9d000-7fd34cba0000 r--s 00015000 08:01 4986524                    /home/detriusxiiuser/play-1.2.3/modules/scala-0.9.1/lib/tasks_2.8.1-0.9.5.jar
7fd34cba0000-7fd34cba3000 r--s 00019000 08:01 4986485                    /home/detriusxiiuser/play-1.2.3/modules/scala-0.9.1/lib/compile_2.8.1-0.9.5.jar
7fd34cba3000-7fd34cbb2000 r--s 000d9000 08:01 4986495                    /home/detriusxiiuser/play-1.2.3/modules/scala-0.9.1/lib/ivy-2.2.0.jar
7fd34cbb2000-7fd34cbb5000 r--s 0000e000 08:01 4986499                    /home/detriusxiiuser/play-1.2.3/modules/scala-0.9.1/lib/logging_2.8.1-0.9.5.jar
7fd34cbb5000-7fd34cbb7000 r--s 00000000 08:01 4986525                    /home/detriusxiiuser/play-1.2.3/modules/scala-0.9.1/lib/test-interface-0.5.jar
7fd34cbb7000-7fd34cbb9000 r--s 00004000 08:01 4986490                    /home/detriusxiiuser/play-1.2.3/modules/scala-0.9.1/lib/discovery_2.8.1-0.9.5.jar
7fd34cbb9000-7fd34cbc6000 r--s 000c2000 08:01 4986479                    /home/detriusxiiuser/play-1.2.3/modules/scala-0.9.1/lib/akka-actor-1.0.jar
7fd34cbc6000-7fd34cbde000 r--s 0012c000 08:01 4986506                    /home/detriusxiiuser/play-1.2.3/modules/scala-0.9.1/lib/main_2.8.1-0.9.5.jar
7fd34cbde000-7fd34cbe0000 r--s 00007000 08:01 4986492                    /home/detriusxiiuser/play-1.2.3/modules/scala-0.9.1/lib/interface-0.9.5.jar
7fd34cbe0000-7fd34cbfb000 r--s 003e9000 08:01 2760759                    /home/detriusxiiuser/Documents/PlayInScala/lib/Squeryl.jar
7fd34cbfb000-7fd34cbfc000 ---p 00000000 00:00 0 
7fd34cbfc000-7fd34ccfc000 rw-p 00000000 00:00 0 
7fd34ccfc000-7fd34ccff000 ---p 00000000 00:00 0 
7fd34ccff000-7fd34cdfd000 rw-p 00000000 00:00 0 
7fd34cdfd000-7fd34ce00000 ---p 00000000 00:00 0 
7fd34ce00000-7fd34cefe000 rw-p 00000000 00:00 0 
7fd34cefe000-7fd34cf01000 ---p 00000000 00:00 0 
7fd34cf01000-7fd34cfff000 rw-p 00000000 00:00 0 
7fd34cfff000-7fd34d002000 ---p 00000000 00:00 0 
7fd34d002000-7fd34d100000 rw-p 00000000 00:00 0 
7fd34d100000-7fd34d103000 ---p 00000000 00:00 0 
7fd34d103000-7fd34d201000 rw-p 00000000 00:00 0 
7fd34d201000-7fd34d205000 r-xp 00000000 08:01 1444317                    /usr/lib/jvm/java-6-openjdk/jre/lib/amd64/libdt_socket.so
7fd34d205000-7fd34d404000 ---p 00004000 08:01 1444317                    /usr/lib/jvm/java-6-openjdk/jre/lib/amd64/libdt_socket.so
7fd34d404000-7fd34d405000 r--p 00003000 08:01 1444317                    /usr/lib/jvm/java-6-openjdk/jre/lib/amd64/libdt_socket.so
7fd34d405000-7fd34d406000 rw-p 00004000 08:01 1444317                    /usr/lib/jvm/java-6-openjdk/jre/lib/amd64/libdt_socket.so
7fd34d406000-7fd34d409000 ---p 00000000 00:00 0 
7fd34d409000-7fd34d507000 rw-p 00000000 00:00 0 
7fd34d507000-7fd34d50a000 ---p 00000000 00:00 0 
7fd34d50a000-7fd34d608000 rw-p 00000000 00:00 0 
7fd34d608000-7fd34d60b000 ---p 00000000 00:00 0 
7fd34d60b000-7fd34d709000 rw-p 00000000 00:00 0 
7fd34d709000-7fd34d70a000 ---p 00000000 00:00 0 
7fd34d70a000-7fd34db40000 rw-p 00000000 00:00 0 
7fd34db40000-7fd34dcd0000 r--s 037af000 08:01 1183711                    /usr/lib/jvm/java-6-openjdk/jre/lib/rt.jar
7fd34dcd0000-7fd34dcf8000 rw-p 00000000 00:00 0 
7fd34dcf8000-7fd34dcf9000 ---p 00000000 00:00 0 
7fd34dcf9000-7fd34ddf9000 rw-p 00000000 00:00 0 
7fd34ddf9000-7fd34ddfa000 ---p 00000000 00:00 0 
7fd34ddfa000-7fd34e0a5000 rw-p 00000000 00:00 0 
7fd34e0a5000-7fd34e1a6000 rw-p 00000000 00:00 0 
7fd34e1a6000-7fd34ebe6000 rwxp 00000000 00:00 0 
7fd34ebe6000-7fd3511a6000 rw-p 00000000 00:00 0 
7fd3511a6000-7fd3511ad000 r-xp 00000000 08:01 1447311                    /usr/lib/jvm/java-6-openjdk/jre/lib/amd64/libzip.so
7fd3511ad000-7fd3513ac000 ---p 00007000 08:01 1447311                    /usr/lib/jvm/java-6-openjdk/jre/lib/amd64/libzip.so
7fd3513ac000-7fd3513ad000 r--p 00006000 08:01 1447311                    /usr/lib/jvm/java-6-openjdk/jre/lib/amd64/libzip.so
7fd3513ad000-7fd3513ae000 rw-p 00007000 08:01 1447311                    /usr/lib/jvm/java-6-openjdk/jre/lib/amd64/libzip.so
7fd3513ae000-7fd3513ba000 r-xp 00000000 08:01 4456559                    /lib/x86_64-linux-gnu/libnss_files-2.13.so
7fd3513ba000-7fd3515b9000 ---p 0000c000 08:01 4456559                    /lib/x86_64-linux-gnu/libnss_files-2.13.so
7fd3515b9000-7fd3515ba000 r--p 0000b000 08:01 4456559                    /lib/x86_64-linux-gnu/libnss_files-2.13.so
7fd3515ba000-7fd3515bb000 rw-p 0000c000 08:01 4456559                    /lib/x86_64-linux-gnu/libnss_files-2.13.so
7fd3515bb000-7fd3515c6000 r-xp 00000000 08:01 4456569                    /lib/x86_64-linux-gnu/libnss_nis-2.13.so
7fd3515c6000-7fd3517c5000 ---p 0000b000 08:01 4456569                    /lib/x86_64-linux-gnu/libnss_nis-2.13.so
7fd3517c5000-7fd3517c6000 r--p 0000a000 08:01 4456569                    /lib/x86_64-linux-gnu/libnss_nis-2.13.so
7fd3517c6000-7fd3517c7000 rw-p 0000b000 08:01 4456569                    /lib/x86_64-linux-gnu/libnss_nis-2.13.so
7fd3517c7000-7fd3517cf000 r-xp 00000000 08:01 4456555                    /lib/x86_64-linux-gnu/libnss_compat-2.13.so
7fd3517cf000-7fd3519ce000 ---p 00008000 08:01 4456555                    /lib/x86_64-linux-gnu/libnss_compat-2.13.so
7fd3519ce000-7fd3519cf000 r--p 00007000 08:01 4456555                    /lib/x86_64-linux-gnu/libnss_compat-2.13.so
7fd3519cf000-7fd3519d0000 rw-p 00008000 08:01 4456555                    /lib/x86_64-linux-gnu/libnss_compat-2.13.so
7fd3519d0000-7fd351c75000 r--p 00000000 08:01 655503                     /usr/lib/locale/locale-archive
7fd351c75000-7fd351c78000 r-xp 00000000 08:01 1447303                    /usr/lib/jvm/java-6-openjdk/jre/lib/amd64/libnpt.so
7fd351c78000-7fd351e77000 ---p 00003000 08:01 1447303                    /usr/lib/jvm/java-6-openjdk/jre/lib/amd64/libnpt.so
7fd351e77000-7fd351e78000 r--p 00002000 08:01 1447303                    /usr/lib/jvm/java-6-openjdk/jre/lib/amd64/libnpt.so
7fd351e78000-7fd351e79000 rw-p 00003000 08:01 1447303                    /usr/lib/jvm/java-6-openjdk/jre/lib/amd64/libnpt.so
7fd351e79000-7fd351e83000 r-xp 00000000 08:01 1447306                    /usr/lib/jvm/java-6-openjdk/jre/lib/amd64/libinstrument.so
7fd351e83000-7fd352082000 ---p 0000a000 08:01 1447306                    /usr/lib/jvm/java-6-openjdk/jre/lib/amd64/libinstrument.so
7fd352082000-7fd352083000 r--p 00009000 08:01 1447306                    /usr/lib/jvm/java-6-openjdk/jre/lib/amd64/libinstrument.so
7fd352083000-7fd352084000 rw-p 0000a000 08:01 1447306                    /usr/lib/jvm/java-6-openjdk/jre/lib/amd64/libinstrument.so
7fd352084000-7fd3520be000 r-xp 00000000 08:01 1447302                    /usr/lib/jvm/java-6-openjdk/jre/lib/amd64/libjdwp.so
7fd3520be000-7fd3522bd000 ---p 0003a000 08:01 1447302                    /usr/lib/jvm/java-6-openjdk/jre/lib/amd64/libjdwp.so
7fd3522bd000-7fd3522be000 r--p 00039000 08:01 1447302                    /usr/lib/jvm/java-6-openjdk/jre/lib/amd64/libjdwp.so
7fd3522be000-7fd3522bf000 rw-p 0003a000 08:01 1447302                    /usr/lib/jvm/java-6-openjdk/jre/lib/amd64/libjdwp.so
7fd3522bf000-7fd3522d6000 r-xp 00000000 08:01 4456553                    /lib/x86_64-linux-gnu/libnsl-2.13.so
7fd3522d6000-7fd3524d5000 ---p 00017000 08:01 4456553                    /lib/x86_64-linux-gnu/libnsl-2.13.so
7fd3524d5000-7fd3524d6000 r--p 00016000 08:01 4456553                    /lib/x86_64-linux-gnu/libnsl-2.13.so
7fd3524d6000-7fd3524d7000 rw-p 00017000 08:01 4456553                    /lib/x86_64-linux-gnu/libnsl-2.13.so
7fd3524d7000-7fd3524d9000 rw-p 00000000 00:00 0 
7fd3524d9000-7fd352505000 r-xp 00000000 08:01 1447310                    /usr/lib/jvm/java-6-openjdk/jre/lib/amd64/libjava.so
7fd352505000-7fd352704000 ---p 0002c000 08:01 1447310                    /usr/lib/jvm/java-6-openjdk/jre/lib/amd64/libjava.so
7fd352704000-7fd352705000 r--p 0002b000 08:01 1447310                    /usr/lib/jvm/java-6-openjdk/jre/lib/amd64/libjava.so
7fd352705000-7fd352708000 rw-p 0002c000 08:01 1447310                    /usr/lib/jvm/java-6-openjdk/jre/lib/amd64/libjava.so
7fd352708000-7fd352716000 r-xp 00000000 08:01 1447296                    /usr/lib/jvm/java-6-openjdk/jre/lib/amd64/libverify.so
7fd352716000-7fd352915000 ---p 0000e000 08:01 1447296                    /usr/lib/jvm/java-6-openjdk/jre/lib/amd64/libverify.so
7fd352915000-7fd352917000 r--p 0000d000 08:01 1447296                    /usr/lib/jvm/java-6-openjdk/jre/lib/amd64/libverify.so
7fd352917000-7fd352918000 rw-p 0000f000 08:01 1447296                    /usr/lib/jvm/java-6-openjdk/jre/lib/amd64/libverify.so
7fd352918000-7fd35291f000 r-xp 00000000 08:01 4456607                    /lib/x86_64-linux-gnu/librt-2.13.so
7fd35291f000-7fd352b1e000 ---p 00007000 08:01 4456607                    /lib/x86_64-linux-gnu/librt-2.13.so
7fd352b1e000-7fd352b1f000 r--p 00006000 08:01 4456607                    /lib/x86_64-linux-gnu/librt-2.13.so
7fd352b1f000-7fd352b20000 rw-p 00007000 08:01 4456607                    /lib/x86_64-linux-gnu/librt-2.13.so
7fd352b20000-7fd352b35000 r-xp 00000000 08:01 4456494                    /lib/x86_64-linux-gnu/libgcc_s.so.1
7fd352b35000-7fd352d34000 ---p 00015000 08:01 4456494                    /lib/x86_64-linux-gnu/libgcc_s.so.1
7fd352d34000-7fd352d35000 r--p 00014000 08:01 4456494                    /lib/x86_64-linux-gnu/libgcc_s.so.1
7fd352d35000-7fd352d36000 rw-p 00015000 08:01 4456494                    /lib/x86_64-linux-gnu/libgcc_s.so.1
7fd352d36000-7fd352dba000 r-xp 00000000 08:01 4456549                    /lib/x86_64-linux-gnu/libm-2.13.so
7fd352dba000-7fd352fb9000 ---p 00084000 08:01 4456549                    /lib/x86_64-linux-gnu/libm-2.13.so
7fd352fb9000-7fd352fba000 r--p 00083000 08:01 4456549                    /lib/x86_64-linux-gnu/libm-2.13.so
7fd352fba000-7fd352fbb000 rw-p 00084000 08:01 4456549                    /lib/x86_64-linux-gnu/libm-2.13.so
7fd352fbb000-7fd3530a3000 r-xp 00000000 08:01 656982                     /usr/lib/x86_64-linux-gnu/libstdc++.so.6.0.14
7fd3530a3000-7fd3532a2000 ---p 000e8000 08:01 656982                     /usr/lib/x86_64-linux-gnu/libstdc++.so.6.0.14
7fd3532a2000-7fd3532aa000 r--p 000e7000 08:01 656982                     /usr/lib/x86_64-linux-gnu/libstdc++.so.6.0.14
7fd3532aa000-7fd3532ac000 rw-p 000ef000 08:01 656982                     /usr/lib/x86_64-linux-gnu/libstdc++.so.6.0.14
7fd3532ac000-7fd3532c1000 rw-p 00000000 00:00 0 
7fd3532c1000-7fd353c16000 r-xp 00000000 08:01 1447313                    /usr/lib/jvm/java-6-openjdk/jre/lib/amd64/server/libjvm.so
7fd353c16000-7fd353e15000 ---p 00955000 08:01 1447313                    /usr/lib/jvm/java-6-openjdk/jre/lib/amd64/server/libjvm.so
7fd353e15000-7fd353e96000 r--p 00954000 08:01 1447313                    /usr/lib/jvm/java-6-openjdk/jre/lib/amd64/server/libjvm.so
7fd353e96000-7fd353eb1000 rw-p 009d5000 08:01 1447313                    /usr/lib/jvm/java-6-openjdk/jre/lib/amd64/server/libjvm.so
7fd353eb1000-7fd353eda000 rw-p 00000000 00:00 0 
7fd353eda000-7fd354064000 r-xp 00000000 08:01 4456501                    /lib/x86_64-linux-gnu/libc-2.13.so
7fd354064000-7fd354263000 ---p 0018a000 08:01 4456501                    /lib/x86_64-linux-gnu/libc-2.13.so
7fd354263000-7fd354267000 r--p 00189000 08:01 4456501                    /lib/x86_64-linux-gnu/libc-2.13.so
7fd354267000-7fd354268000 rw-p 0018d000 08:01 4456501                    /lib/x86_64-linux-gnu/libc-2.13.so
7fd354268000-7fd35426e000 rw-p 00000000 00:00 0 
7fd35426e000-7fd354270000 r-xp 00000000 08:01 4456544                    /lib/x86_64-linux-gnu/libdl-2.13.so
7fd354270000-7fd354470000 ---p 00002000 08:01 4456544                    /lib/x86_64-linux-gnu/libdl-2.13.so
7fd354470000-7fd354471000 r--p 00002000 08:01 4456544                    /lib/x86_64-linux-gnu/libdl-2.13.so
7fd354471000-7fd354472000 rw-p 00003000 08:01 4456544                    /lib/x86_64-linux-gnu/libdl-2.13.so
7fd354472000-7fd354476000 r-xp 00000000 08:01 1447294                    /usr/lib/jvm/java-6-openjdk/jre/lib/amd64/jli/libjli.so
7fd354476000-7fd354675000 ---p 00004000 08:01 1447294                    /usr/lib/jvm/java-6-openjdk/jre/lib/amd64/jli/libjli.so
7fd354675000-7fd354676000 r--p 00003000 08:01 1447294                    /usr/lib/jvm/java-6-openjdk/jre/lib/amd64/jli/libjli.so
7fd354676000-7fd354677000 rw-p 00004000 08:01 1447294                    /usr/lib/jvm/java-6-openjdk/jre/lib/amd64/jli/libjli.so
7fd354677000-7fd35468f000 r-xp 00000000 08:01 4456601                    /lib/x86_64-linux-gnu/libpthread-2.13.so
7fd35468f000-7fd35488f000 ---p 00018000 08:01 4456601                    /lib/x86_64-linux-gnu/libpthread-2.13.so
7fd35488f000-7fd354890000 r--p 00018000 08:01 4456601                    /lib/x86_64-linux-gnu/libpthread-2.13.so
7fd354890000-7fd354891000 rw-p 00019000 08:01 4456601                    /lib/x86_64-linux-gnu/libpthread-2.13.so
7fd354891000-7fd354895000 rw-p 00000000 00:00 0 
7fd354895000-7fd3548ac000 r-xp 00000000 08:01 4456498                    /lib/x86_64-linux-gnu/libz.so.1.2.3.4
7fd3548ac000-7fd354aab000 ---p 00017000 08:01 4456498                    /lib/x86_64-linux-gnu/libz.so.1.2.3.4
7fd354aab000-7fd354aac000 r--p 00016000 08:01 4456498                    /lib/x86_64-linux-gnu/libz.so.1.2.3.4
7fd354aac000-7fd354aad000 rw-p 00017000 08:01 4456498                    /lib/x86_64-linux-gnu/libz.so.1.2.3.4
7fd354aad000-7fd354ace000 r-xp 00000000 08:01 4456476                    /lib/x86_64-linux-gnu/ld-2.13.so
7fd354acf000-7fd354ad5000 r--s 0007e000 08:01 2760758                    /home/detriusxiiuser/Documents/PlayInScala/lib/postgresql-8.4-702.jdbc4.jar
7fd354ad5000-7fd354ad8000 r--s 00022000 08:01 2753547                    /home/detriusxiiuser/Documents/PlayInScala/lib/SquerylJdip.jar
7fd354ad8000-7fd354adf000 r--s 00040000 08:01 2760757                    /home/detriusxiiuser/Documents/PlayInScala/lib/cglib-2.2.2.jar
7fd354adf000-7fd354ae0000 r--s 0000a000 08:01 2760190                    /home/detriusxiiuser/Documents/PlayInScala/lib/asm-3.3.1.jar
7fd354ae0000-7fd354ae4000 r--s 0007c000 08:01 1183622                    /usr/lib/jvm/java-6-openjdk/jre/lib/jsse.jar
7fd354ae4000-7fd354b0d000 rw-p 00000000 00:00 0 
7fd354b0d000-7fd354ba4000 rw-p 00000000 00:00 0 
7fd354ba4000-7fd354ba7000 ---p 00000000 00:00 0 
7fd354ba7000-7fd354cab000 rw-p 00000000 00:00 0 
7fd354cab000-7fd354cb6000 r--s 000b8000 08:01 2759849                    /home/detriusxiiuser/play-1.2.3/framework/play-1.2.3.jar
7fd354cb6000-7fd354cbe000 r--s 00066000 08:01 1058460                    /usr/share/java/gnome-java-bridge.jar
7fd354cbe000-7fd354cc1000 r--s 0000f000 08:01 1314007                    /usr/lib/jvm/java-6-openjdk/jre/lib/ext/pulse-java.jar
7fd354cc1000-7fd354cc9000 rw-s 00000000 08:01 2625191                    /tmp/hsperfdata_detriusxiiuser/20402
7fd354cc9000-7fd354cca000 rw-p 00000000 00:00 0 
7fd354cca000-7fd354ccb000 r--p 00000000 00:00 0 
7fd354ccb000-7fd354ccd000 rw-p 00000000 00:00 0 
7fd354ccd000-7fd354cce000 r--p 00020000 08:01 4456476                    /lib/x86_64-linux-gnu/ld-2.13.so
7fd354cce000-7fd354cd0000 rw-p 00021000 08:01 4456476                    /lib/x86_64-linux-gnu/ld-2.13.so
7fff69ccb000-7fff69cee000 rw-p 00000000 00:00 0                          [stack]
7fff69d8f000-7fff69d90000 r-xp 00000000 00:00 0                          [vdso]
ffffffffff600000-ffffffffff601000 r-xp 00000000 00:00 0                  [vsyscall]

VM Arguments:
jvm_args: -javaagent:/home/detriusxiiuser/play-1.2.3/framework/play-1.2.3.jar -Xms512m -Xmx512m -XX:PermSize=256m -XX:MaxPermSize=256m -Dfile.encoding=utf-8 -Xdebug -Xrunjdwp:transport=dt_socket,address=8000,server=y,suspend=n -Dplay.debug=yes -Dapplication.path=/home/detriusxiiuser/Documents/PlayInScala -Dplay.id= 
java_command: play.server.Server 
Launcher Type: SUN_STANDARD

Environment Variables:
PATH=/home/detriusxiiuser/play-1.2.3:/home/detriusxiiuser/scala2.8.2/bin:/usr/local/sbin:/usr/local/bin:/usr/sbin:/usr/bin:/sbin:/bin:/usr/games
USERNAME=detriusxiiuser
LD_LIBRARY_PATH=/usr/lib/jvm/java-6-openjdk/jre/lib/amd64/server:/usr/lib/jvm/java-6-openjdk/jre/lib/amd64:/usr/lib/jvm/java-6-openjdk/jre/../lib/amd64
SHELL=/bin/bash
DISPLAY=:0

Signal Handlers:
SIGSEGV: [libjvm.so+0x7d0f60], sa_mask[0]=0x7ffbfeff, sa_flags=0x10000004
SIGBUS: [libjvm.so+0x7d0f60], sa_mask[0]=0x7ffbfeff, sa_flags=0x10000004
SIGFPE: [libjvm.so+0x683760], sa_mask[0]=0x7ffbfeff, sa_flags=0x10000004
SIGPIPE: [libjvm.so+0x683760], sa_mask[0]=0x7ffbfeff, sa_flags=0x10000004
SIGXFSZ: [libjvm.so+0x683760], sa_mask[0]=0x7ffbfeff, sa_flags=0x10000004
SIGILL: [libjvm.so+0x683760], sa_mask[0]=0x7ffbfeff, sa_flags=0x10000004
SIGUSR1: SIG_DFL, sa_mask[0]=0x00000000, sa_flags=0x00000000
SIGUSR2: [libjvm.so+0x683930], sa_mask[0]=0x00000000, sa_flags=0x10000004
SIGHUP: [libjvm.so+0x6862d0], sa_mask[0]=0x7ffbfeff, sa_flags=0x10000004
SIGINT: [libjvm.so+0x6862d0], sa_mask[0]=0x7ffbfeff, sa_flags=0x10000004
SIGTERM: [libjvm.so+0x6862d0], sa_mask[0]=0x7ffbfeff, sa_flags=0x10000004
SIGQUIT: [libjvm.so+0x6862d0], sa_mask[0]=0x7ffbfeff, sa_flags=0x10000004


---------------  S Y S T E M  ---------------

OS:Ubuntu 11.04 (natty)
uname:Linux 2.6.38-11-generic #48-Ubuntu SMP Fri Jul 29 19:02:55 UTC 2011 x86_64
libc:glibc 2.13 NPTL 2.13 
rlimit: STACK 8192k, CORE 0k, NPROC infinity, NOFILE 4096, AS infinity
load average:0.11 0.11 0.14

/proc/meminfo:
MemTotal:        8195624 kB
MemFree:         4050892 kB
Buffers:          158220 kB
Cached:           866748 kB
SwapCached:        63948 kB
Active:          2715136 kB
Inactive:        1042000 kB
Active(anon):    2355340 kB
Inactive(anon):   396536 kB
Active(file):     359796 kB
Inactive(file):   645464 kB
Unevictable:          52 kB
Mlocked:              52 kB
SwapTotal:       6384636 kB
SwapFree:        6251172 kB
Dirty:               496 kB
Writeback:             8 kB
AnonPages:       2684496 kB
Mapped:           131672 kB
Shmem:             19552 kB
Slab:             113416 kB
SReclaimable:      88356 kB
SUnreclaim:        25060 kB
KernelStack:        3568 kB
PageTables:        40676 kB
NFS_Unstable:          0 kB
Bounce:                0 kB
WritebackTmp:          0 kB
CommitLimit:    10482448 kB
Committed_AS:    5208052 kB
VmallocTotal:   34359738367 kB
VmallocUsed:      353636 kB
VmallocChunk:   34359357948 kB
HardwareCorrupted:     0 kB
HugePages_Total:       0
HugePages_Free:        0
HugePages_Rsvd:        0
HugePages_Surp:        0
Hugepagesize:       2048 kB
DirectMap4k:     3126912 kB
DirectMap2M:     5261312 kB


CPU:total 2 (2 cores per cpu, 1 threads per core) family 6 model 15 stepping 6, cmov, cx8, fxsr, mmx, sse, sse2, sse3, ssse3

Memory: 4k page, physical 8195624k(4050892k free), swap 6384636k(6251172k free)

vm_info: OpenJDK 64-Bit Server VM (20.0-b11) for linux-amd64 JRE (1.6.0_22-b22), built on Jun 11 2011 05:56:16 by "buildd" with gcc 4.5.2

time: Sun Sep 11 16:23:46 2011
elapsed time: 1611 seconds

