#
# A fatal error has been detected by the Java Runtime Environment:
#
#  SIGSEGV (0xb) at pc=0x00007f4d7ef92694, pid=2369, tid=139970710337280
#
# JRE version: 7.0-b147
# Java VM: Java HotSpot(TM) 64-Bit Server VM (21.0-b17 mixed mode linux-amd64 compressed oops)
# Problematic frame:
# V  [libjvm.so+0x63e694]  PhaseIdealLoop::build_loop_late_post(Node*)+0x154
#
# Failed to write core dump. Core dumps have been disabled. To enable core dumping, try "ulimit -c unlimited" before starting Java again
#
# If you would like to submit a bug report, please visit:
#   http://bugreport.sun.com/bugreport/crash.jsp
#

---------------  T H R E A D  ---------------

Current thread (0x00000000007ce000):  JavaThread "C2 CompilerThread1" daemon [_thread_in_native, id=2380, stack(0x00007f4d7867f000,0x00007f4d78780000)]

siginfo:si_signo=SIGSEGV: si_errno=0, si_code=1 (SEGV_MAPERR), si_addr=0x0000000000000008

Registers:
RAX=0x0000000000000000, RBX=0x00007f4d7877cb50, RCX=0x0000000000000000, RDX=0x00000000000013dd
RSP=0x00007f4d7877b3c0, RBP=0x00007f4d7877b3f0, RSI=0x0000000000000000, RDI=0x00007f4d6c5d0a10
R8 =0x0000000000000000, R9 =0x0000000000000038, R10=0x00007f4d6c5aed28, R11=0x00007f4d7f67ecde
R12=0x00007f4d6c5c9930, R13=0x00007f4d6c1e9de0, R14=0x00007f4d6c641d50, R15=0x00007f4d7877cb70
RIP=0x00007f4d7ef92694, EFLAGS=0x0000000000010202, CSGSFS=0x0000000000000033, ERR=0x0000000000000004
  TRAPNO=0x000000000000000e

Top of Stack: (sp=0x00007f4d7877b3c0)
0x00007f4d7877b3c0:   00007f4d7877b3f0 00007f4d7877b670
0x00007f4d7877b3d0:   00007f4d6c641d50 00007f4d7877b6b0
0x00007f4d7877b3e0:   0000000000000002 00000000000001a0
0x00007f4d7877b3f0:   00007f4d7877b450 00007f4d7ef92bfc
0x00007f4d7877b400:   00007f4d00000001 00007f4d6c5d0820
0x00007f4d7877b410:   00007f4d7877b690 00007f4d7877cb50
0x00007f4d7877b420:   00007f4d7877d4f0 0000000000000001
0x00007f4d7877b430:   00007f4d6c0afbd0 00007f4d7877cb50
0x00007f4d7877b440:   00007f4d7f5b1d38 00007f4d7877b690
0x00007f4d7877b450:   00007f4d7877b700 00007f4d7ef99cb9
0x00007f4d7877b460:   0000000000000000 00007f4d7877b6b0
0x00007f4d7877b470:   00007f4d7877b670 01007f4d6c6b0560
0x00007f4d7877b480:   00007f4d7877cb70 000000077877c178
0x00007f4d7877b490:   00007f4d6c0bb390 00007f4d6c0bb3e0
0x00007f4d7877b4a0:   00007f4d6c0c3378 00000000007ce9e0
0x00007f4d7877b4b0:   00000000007ce9e0 00007f4d00000004
0x00007f4d7877b4c0:   00000000017b3970 00007f4d00000000
0x00007f4d7877b4d0:   00007f4d6c6227f0 00007f4d7877c140
0x00007f4d7877b4e0:   000000016c381d88 00007f4d6c6ad730
0x00007f4d7877b4f0:   00007f4d7877b660 00007f4d7f009f69
0x00007f4d7877b500:   00007f4d7877b660 00007f4d7ec79d15
0x00007f4d7877b510:   00007f4d6c0afbd0 00007f4d6c614740
0x00007f4d7877b520:   00007f4d7877b530 00007f4d7f16bc7d
0x00007f4d7877b530:   01007f4d7877b590 00007f4d7877c140
0x00007f4d7877b540:   01007f4d6c676998 0000000000000002
0x00007f4d7877b550:   00007f4d6c84b920 00007f4d6c84b920
0x00007f4d7877b560:   000000066c69ddb8 0000000000000000
0x00007f4d7877b570:   00007f4d6c84b920 0000000000010040
0x00007f4d7877b580:   00007f4d7f5b1d38 0000000000000000
0x00007f4d7877b590:   00007f4d7877b5c0 00007f4d7f16d5b1
0x00007f4d7877b5a0:   0000000000000000 00007f4d6c000020
0x00007f4d7877b5b0:   00007f4d7877b620 0000000000010010 

Instructions: (pc=0x00007f4d7ef92694)
0x00007f4d7ef92674:   00 8b 70 28 49 89 c4 0f 1f 44 00 00 89 f0 48 8d
0x00007f4d7ef92684:   3c c5 00 00 00 00 48 03 bb e0 09 00 00 48 8b 0f
0x00007f4d7ef92694:   48 8b 41 08 48 83 38 00 75 2b 8b 73 28 0f 1f 80
0x00007f4d7ef926a4:   00 00 00 00 8b 41 28 31 c9 39 f0 73 0e 89 c2 48 

Register to memory mapping:

RAX=0x0000000000000000 is an unknown value
RBX=0x00007f4d7877cb50 is pointing into the stack for thread: 0x00000000007ce000
RCX=0x0000000000000000 is an unknown value
RDX=0x00000000000013dd is an unknown value
RSP=0x00007f4d7877b3c0 is pointing into the stack for thread: 0x00000000007ce000
RBP=0x00007f4d7877b3f0 is pointing into the stack for thread: 0x00000000007ce000
RSI=0x0000000000000000 is an unknown value
RDI=0x00007f4d6c5d0a10 is an unknown value
R8 =0x0000000000000000 is an unknown value
R9 =0x0000000000000038 is an unknown value
R10=0x00007f4d6c5aed28 is an unknown value
R11=0x00007f4d7f67ecde: <offset 0x86cde> in /lib/x86_64-linux-gnu/libc.so.6 at 0x00007f4d7f5f8000
R12=0x00007f4d6c5c9930 is an unknown value
R13=0x00007f4d6c1e9de0 is an unknown value
R14=0x00007f4d6c641d50 is an unknown value
R15=0x00007f4d7877cb70 is pointing into the stack for thread: 0x00000000007ce000


Stack: [0x00007f4d7867f000,0x00007f4d78780000],  sp=0x00007f4d7877b3c0,  free space=1008k
Native frames: (J=compiled Java code, j=interpreted, Vv=VM code, C=native code)
V  [libjvm.so+0x63e694]  PhaseIdealLoop::build_loop_late_post(Node*)+0x154
V  [libjvm.so+0x63ebfc]  PhaseIdealLoop::build_loop_late(VectorSet&, Node_List&, Node_Stack&)+0x13c
V  [libjvm.so+0x645cb9]  PhaseIdealLoop::build_and_optimize(bool)+0x789
V  [libjvm.so+0x39ca28]  Compile::Optimize()+0xaf8
V  [libjvm.so+0x39d96c]  Compile::Compile(ciEnv*, C2Compiler*, ciMethod*, int, bool, bool)+0xdac
V  [libjvm.so+0x312042]  C2Compiler::compile_method(ciEnv*, ciMethod*, int)+0x142
V  [libjvm.so+0x3a2cad]  CompileBroker::invoke_compiler_on_method(CompileTask*)+0x2ed
V  [libjvm.so+0x3a35dd]  CompileBroker::compiler_thread_loop()+0x43d
V  [libjvm.so+0x80d79a]  JavaThread::run()+0x17a
V  [libjvm.so+0x6f84b0]  java_start(Thread*)+0x100


Current CompileTask:
C2:99519115 3889             jregex.Pretokenizer::next (1064 bytes)


---------------  P R O C E S S  ---------------

Java Threads: ( => current thread )
  0x00007f4d75004800 JavaThread "net.sf.ehcache.CacheManager@3c3f6edc" daemon [_thread_blocked, id=8150, stack(0x00007f4d736d4000,0x00007f4d737d5000)]
  0x000000000165a800 JavaThread "New I/O server worker #1-2" [_thread_in_native, id=8104, stack(0x00007f4d72a69000,0x00007f4d72b6a000)]
  0x00000000020bd800 JavaThread "New I/O server worker #1-1" [_thread_in_native, id=8103, stack(0x00007f4d739d7000,0x00007f4d73ad8000)]
  0x00007f4d7490f800 JavaThread "com.mchange.v2.async.ThreadPoolAsynchronousRunner$PoolThread-#2" daemon [_thread_blocked, id=3063, stack(0x00007f4d730c8000,0x00007f4d731c9000)]
  0x00007f4d7490e800 JavaThread "com.mchange.v2.async.ThreadPoolAsynchronousRunner$PoolThread-#1" daemon [_thread_blocked, id=3062, stack(0x00007f4d731c9000,0x00007f4d732ca000)]
  0x00007f4d7490c000 JavaThread "com.mchange.v2.async.ThreadPoolAsynchronousRunner$PoolThread-#0" daemon [_thread_blocked, id=3061, stack(0x00007f4d732ca000,0x00007f4d733cb000)]
  0x00007f4d744ac000 JavaThread "Timer-0" daemon [_thread_blocked, id=3060, stack(0x00007f4d733cb000,0x00007f4d734cc000)]
  0x0000000000c35000 JavaThread "play-thread-1" [_thread_in_Java, id=3024, stack(0x00007f4d737d5000,0x00007f4d738d6000)]
  0x0000000000688800 JavaThread "DestroyJavaVM" [_thread_blocked, id=2370, stack(0x00007f4d800c7000,0x00007f4d801c8000)]
  0x0000000000807800 JavaThread "New I/O server boss #1 ([id: 0x27df377e, /0:0:0:0:0:0:0:0:9000])" [_thread_in_native, id=2637, stack(0x00007f4d73ad8000,0x00007f4d73bd9000)]
  0x00007f4d74001800 JavaThread "Service Thread" daemon [_thread_blocked, id=2381, stack(0x00007f4d7857e000,0x00007f4d7867f000)]
=>0x00000000007ce000 JavaThread "C2 CompilerThread1" daemon [_thread_in_native, id=2380, stack(0x00007f4d7867f000,0x00007f4d78780000)]
  0x00000000007cb800 JavaThread "C2 CompilerThread0" daemon [_thread_blocked, id=2379, stack(0x00007f4d78780000,0x00007f4d78881000)]
  0x00000000007bf000 JavaThread "JDWP Event Helper Thread" daemon [_thread_blocked, id=2378, stack(0x00007f4d78881000,0x00007f4d78982000)]
  0x00000000007bb800 JavaThread "JDWP Transport Listener: dt_socket" daemon [_thread_in_native, id=2377, stack(0x00007f4d78982000,0x00007f4d78a83000)]
  0x0000000000788000 JavaThread "Signal Dispatcher" daemon [_thread_blocked, id=2376, stack(0x00007f4d78c87000,0x00007f4d78d88000)]
  0x000000000073f000 JavaThread "Finalizer" daemon [_thread_blocked, id=2375, stack(0x00007f4d78d88000,0x00007f4d78e89000)]
  0x0000000000737800 JavaThread "Reference Handler" daemon [_thread_blocked, id=2374, stack(0x00007f4d78e89000,0x00007f4d78f8a000)]

Other Threads:
  0x0000000000730000 VMThread [stack: 0x00007f4d78f8a000,0x00007f4d7908b000] [id=2373]
  0x00007f4d74004800 WatcherThread [stack: 0x00007f4d7847d000,0x00007f4d7857e000] [id=2382]

VM state:not at safepoint (normal execution)

VM Mutex/Monitor currently owned by a thread: None

Heap
 PSYoungGen      total 150656K, used 122956K [0x00000000f5560000, 0x0000000100000000, 0x0000000100000000)
  eden space 127488K, 84% used [0x00000000f5560000,0x00000000fbef5810,0x00000000fd1e0000)
  from space 23168K, 64% used [0x00000000fd1e0000,0x00000000fe05d998,0x00000000fe880000)
  to   space 22720K, 0% used [0x00000000fe9d0000,0x00000000fe9d0000,0x0000000100000000)
 PSOldGen        total 349568K, used 166310K [0x00000000e0000000, 0x00000000f5560000, 0x00000000f5560000)
  object space 349568K, 47% used [0x00000000e0000000,0x00000000ea269a40,0x00000000f5560000)
 PSPermGen       total 262144K, used 73828K [0x00000000d0000000, 0x00000000e0000000, 0x00000000e0000000)
  object space 262144K, 28% used [0x00000000d0000000,0x00000000d48192e0,0x00000000e0000000)

Code Cache  [0x00007f4d79a6b000, 0x00007f4d7a8ab000, 0x00007f4d7ca6b000)
 total_blobs=4172 nmethods=3531 adapters=598 free_code_cache=34682Kb largest_free_block=35394880

Dynamic libraries:
00400000-00401000 r-xp 00000000 08:11 5246122                            /home/detriusxiiuser/glassfish3/jdk7/bin/java
00600000-00601000 rw-p 00000000 08:11 5246122                            /home/detriusxiiuser/glassfish3/jdk7/bin/java
00678000-03e20000 rw-p 00000000 00:00 0                                  [heap]
d0000000-100000000 rw-p 00000000 00:00 0 
7f4d6c000000-7f4d6d444000 rw-p 00000000 00:00 0 
7f4d6d444000-7f4d70000000 ---p 00000000 00:00 0 
7f4d72a69000-7f4d72a6c000 ---p 00000000 00:00 0 
7f4d72a6c000-7f4d72b6a000 rw-p 00000000 00:00 0 
7f4d72b6a000-7f4d72b6d000 ---p 00000000 00:00 0 
7f4d72b6d000-7f4d72c6b000 rw-p 00000000 00:00 0 
7f4d72c6b000-7f4d72c80000 r-xp 00000000 08:11 4462829                    /lib/x86_64-linux-gnu/libgcc_s.so.1
7f4d72c80000-7f4d72e7f000 ---p 00015000 08:11 4462829                    /lib/x86_64-linux-gnu/libgcc_s.so.1
7f4d72e7f000-7f4d72e80000 r--p 00014000 08:11 4462829                    /lib/x86_64-linux-gnu/libgcc_s.so.1
7f4d72e80000-7f4d72e81000 rw-p 00015000 08:11 4462829                    /lib/x86_64-linux-gnu/libgcc_s.so.1
7f4d72e81000-7f4d72eb3000 r-xp 00000000 08:11 5245998                    /home/detriusxiiuser/glassfish3/jdk7/jre/lib/amd64/libsunec.so
7f4d72eb3000-7f4d730b2000 ---p 00032000 08:11 5245998                    /home/detriusxiiuser/glassfish3/jdk7/jre/lib/amd64/libsunec.so
7f4d730b2000-7f4d730b8000 rw-p 00031000 08:11 5245998                    /home/detriusxiiuser/glassfish3/jdk7/jre/lib/amd64/libsunec.so
7f4d730b8000-7f4d730c8000 rw-p 00000000 00:00 0 
7f4d730c8000-7f4d730cb000 ---p 00000000 00:00 0 
7f4d730cb000-7f4d731c9000 rw-p 00000000 00:00 0 
7f4d731c9000-7f4d731cc000 ---p 00000000 00:00 0 
7f4d731cc000-7f4d732ca000 rw-p 00000000 00:00 0 
7f4d732ca000-7f4d732cd000 ---p 00000000 00:00 0 
7f4d732cd000-7f4d733cb000 rw-p 00000000 00:00 0 
7f4d733cb000-7f4d733ce000 ---p 00000000 00:00 0 
7f4d733ce000-7f4d734cc000 rw-p 00000000 00:00 0 
7f4d734cc000-7f4d734d4000 r-xp 00000000 08:11 5246005                    /home/detriusxiiuser/glassfish3/jdk7/jre/lib/amd64/libmanagement.so
7f4d734d4000-7f4d736d3000 ---p 00008000 08:11 5246005                    /home/detriusxiiuser/glassfish3/jdk7/jre/lib/amd64/libmanagement.so
7f4d736d3000-7f4d736d4000 rw-p 00007000 08:11 5246005                    /home/detriusxiiuser/glassfish3/jdk7/jre/lib/amd64/libmanagement.so
7f4d736d4000-7f4d736d7000 ---p 00000000 00:00 0 
7f4d736d7000-7f4d737d5000 rw-p 00000000 00:00 0 
7f4d737d5000-7f4d737d8000 ---p 00000000 00:00 0 
7f4d737d8000-7f4d738d6000 rw-p 00000000 00:00 0 
7f4d738d6000-7f4d738d9000 ---p 00000000 00:00 0 
7f4d738d9000-7f4d739d7000 rw-p 00000000 00:00 0 
7f4d739d7000-7f4d739da000 ---p 00000000 00:00 0 
7f4d739da000-7f4d73ad8000 rw-p 00000000 00:00 0 
7f4d73ad8000-7f4d73adb000 ---p 00000000 00:00 0 
7f4d73adb000-7f4d73bd9000 rw-p 00000000 00:00 0 
7f4d73bd9000-7f4d73bee000 r-xp 00000000 08:11 5246022                    /home/detriusxiiuser/glassfish3/jdk7/jre/lib/amd64/libnet.so
7f4d73bee000-7f4d73dee000 ---p 00015000 08:11 5246022                    /home/detriusxiiuser/glassfish3/jdk7/jre/lib/amd64/libnet.so
7f4d73dee000-7f4d73def000 rw-p 00015000 08:11 5246022                    /home/detriusxiiuser/glassfish3/jdk7/jre/lib/amd64/libnet.so
7f4d73def000-7f4d73dff000 r-xp 00000000 08:11 5246013                    /home/detriusxiiuser/glassfish3/jdk7/jre/lib/amd64/libnio.so
7f4d73dff000-7f4d73fff000 ---p 00010000 08:11 5246013                    /home/detriusxiiuser/glassfish3/jdk7/jre/lib/amd64/libnio.so
7f4d73fff000-7f4d74000000 rw-p 00010000 08:11 5246013                    /home/detriusxiiuser/glassfish3/jdk7/jre/lib/amd64/libnio.so
7f4d74000000-7f4d77212000 rw-p 00000000 00:00 0 
7f4d77212000-7f4d78000000 ---p 00000000 00:00 0 
7f4d78094000-7f4d78097000 r--s 00018000 08:11 5245942                    /home/detriusxiiuser/glassfish3/jdk7/jre/lib/jce.jar
7f4d78097000-7f4d7809b000 r--s 00037000 08:11 5245933                    /home/detriusxiiuser/glassfish3/jdk7/jre/lib/ext/sunpkcs11.jar
7f4d7809b000-7f4d7809f000 r--s 0002d000 08:11 5245936                    /home/detriusxiiuser/glassfish3/jdk7/jre/lib/ext/sunjce_provider.jar
7f4d7809f000-7f4d780a1000 r--s 00001000 08:11 5245938                    /home/detriusxiiuser/glassfish3/jdk7/jre/lib/ext/dnsns.jar
7f4d780a1000-7f4d780a2000 r--s 00003000 08:11 5245934                    /home/detriusxiiuser/glassfish3/jdk7/jre/lib/ext/sunec.jar
7f4d780a2000-7f4d780a4000 r--s 0000f000 08:11 5245939                    /home/detriusxiiuser/glassfish3/jdk7/jre/lib/ext/zipfs.jar
7f4d780a4000-7f4d780a8000 r--s 000f6000 08:11 5245937                    /home/detriusxiiuser/glassfish3/jdk7/jre/lib/ext/localedata.jar
7f4d780a8000-7f4d780b3000 r--s 00370000 08:11 5245943                    /home/detriusxiiuser/glassfish3/jdk7/jre/lib/charsets.jar
7f4d780b6000-7f4d780ba000 r--s 0001e000 08:11 3674062                    /home/detriusxiiuser/play-1.2.3/modules/scala-0.9.1/dlib/compiler-interface-bin-0.9.5.jar
7f4d780ba000-7f4d780be000 r--s 00088000 08:11 5246095                    /home/detriusxiiuser/glassfish3/jdk7/jre/lib/jsse.jar
7f4d780be000-7f4d780c7000 r--s 00254000 08:11 5245947                    /home/detriusxiiuser/glassfish3/jdk7/jre/lib/resources.jar
7f4d780c7000-7f4d780c9000 r--s 00001000 08:11 2759829                    /home/detriusxiiuser/play-1.2.3/framework/lib/jsr107cache-1.0.jar
7f4d780c9000-7f4d780ca000 r--s 00002000 08:11 2759843                    /home/detriusxiiuser/play-1.2.3/framework/lib/slf4j-log4j12-1.6.1.jar
7f4d780ca000-7f4d780d1000 r--s 0006a000 08:11 2759834                    /home/detriusxiiuser/play-1.2.3/framework/lib/mail-1.4.3.jar
7f4d780d1000-7f4d780d4000 r--s 00022000 08:11 2759819                    /home/detriusxiiuser/play-1.2.3/framework/lib/jamon-2.7.jar
7f4d780d4000-7f4d780fd000 r--s 00403000 08:11 2759838                    /home/detriusxiiuser/play-1.2.3/framework/lib/org.eclipse.jdt.core-3.6.0.jar
7f4d780fd000-7f4d78108000 r--s 00124000 08:11 2759809                    /home/detriusxiiuser/play-1.2.3/framework/lib/h2-1.3.149.jar
7f4d78108000-7f4d7815c000 r--s 00516000 08:11 2759807                    /home/detriusxiiuser/play-1.2.3/framework/lib/groovy-all-1.7.7.jar
7f4d7815c000-7f4d78181000 r--s 00172000 08:11 2759791                    /home/detriusxiiuser/play-1.2.3/framework/lib/bcprov-jdk15-1.45.jar
7f4d78181000-7f4d78183000 r--s 00008000 08:11 2759841                    /home/detriusxiiuser/play-1.2.3/framework/lib/signpost-core-1.2.jar
7f4d78183000-7f4d78192000 r--s 00074000 08:11 2759827                    /home/detriusxiiuser/play-1.2.3/framework/lib/joda-time-1.6.jar
7f4d78192000-7f4d78193000 r--s 00000000 08:11 2759821                    /home/detriusxiiuser/play-1.2.3/framework/lib/javax.inject-1.0.jar
7f4d78193000-7f4d78195000 r--s 0000d000 08:11 2759798                    /home/detriusxiiuser/play-1.2.3/framework/lib/commons-fileupload-1.2.2.jar
7f4d78195000-7f4d78198000 r--s 0000f000 08:11 2759806                    /home/detriusxiiuser/play-1.2.3/framework/lib/geronimo-servlet_2.5_spec-1.2.jar
7f4d78198000-7f4d7819e000 r--s 00034000 08:11 2759831                    /home/detriusxiiuser/play-1.2.3/framework/lib/junit-4.8.1.jar
7f4d7819e000-7f4d781a9000 r--s 0005a000 08:11 2759845                    /home/detriusxiiuser/play-1.2.3/framework/lib/xstream-1.3.jar
7f4d781a9000-7f4d781ae000 r--s 0002e000 08:11 2759789                    /home/detriusxiiuser/play-1.2.3/framework/lib/asm-all-3.3.1.jar
7f4d781ae000-7f4d781b1000 r--s 0000f000 08:11 2759811                    /home/detriusxiiuser/play-1.2.3/framework/lib/hibernate-commons-annotations-3.2.0.Final.jar
7f4d781b1000-7f4d781e3000 r--s 002c7000 08:11 2759813                    /home/detriusxiiuser/play-1.2.3/framework/lib/hibernate-core-3.6.1.Final.jar
7f4d781e3000-7f4d781e5000 r--s 0000e000 08:11 2759800                    /home/detriusxiiuser/play-1.2.3/framework/lib/commons-javaflow-1066591.jar
7f4d781e5000-7f4d781f4000 r--s 000b2000 08:11 2759837                    /home/detriusxiiuser/play-1.2.3/framework/lib/netty-3.2.4.Final.jar
7f4d781f4000-7f4d781f9000 r--s 00034000 08:11 2759794                    /home/detriusxiiuser/play-1.2.3/framework/lib/commons-beanutils-1.8.3.jar
7f4d781f9000-7f4d781ff000 r--s 00038000 08:11 2759844                    /home/detriusxiiuser/play-1.2.3/framework/lib/snakeyaml-1.7.jar
7f4d781ff000-7f4d78203000 r--s 00027000 08:11 2759808                    /home/detriusxiiuser/play-1.2.3/framework/lib/gson-1.7.1.jar
7f4d78203000-7f4d7820a000 r--s 00059000 08:11 2759833                    /home/detriusxiiuser/play-1.2.3/framework/lib/log4j-1.2.15.jar
7f4d7820a000-7f4d7820c000 r--s 00015000 08:11 2759828                    /home/detriusxiiuser/play-1.2.3/framework/lib/jregex-1.2_01.jar
7f4d7820c000-7f4d78211000 r--s 00041000 08:11 2759801                    /home/detriusxiiuser/play-1.2.3/framework/lib/commons-lang-2.6.jar
7f4d78211000-7f4d78212000 r--s 00007000 08:11 2759797                    /home/detriusxiiuser/play-1.2.3/framework/lib/commons-email-1.2.jar
7f4d78212000-7f4d78218000 r--s 00049000 08:11 2759793                    /home/detriusxiiuser/play-1.2.3/framework/lib/cglib-nodep-2.2.jar
7f4d78218000-7f4d7821e000 r--s 00049000 08:11 2759790                    /home/detriusxiiuser/play-1.2.3/framework/lib/async-http-client-1.6.3.jar
7f4d7821e000-7f4d78229000 r--s 0008b000 08:11 2759792                    /home/detriusxiiuser/play-1.2.3/framework/lib/c3p0-0.9.1.2.jar
7f4d78229000-7f4d78237000 r--s 0007f000 08:11 2759796                    /home/detriusxiiuser/play-1.2.3/framework/lib/commons-collections-3.2.1.jar
7f4d78237000-7f4d78239000 r--s 0000b000 08:11 2759825                    /home/detriusxiiuser/play-1.2.3/framework/lib/jj-textile.jar
7f4d78239000-7f4d78240000 r--s 00038000 08:11 2759826                    /home/detriusxiiuser/play-1.2.3/framework/lib/jj-wikitext.jar
7f4d78240000-7f4d78248000 r--s 0008a000 08:11 2759820                    /home/detriusxiiuser/play-1.2.3/framework/lib/javassist-3.9.0.GA.jar
7f4d78248000-7f4d7824a000 r--s 00005000 08:11 2759842                    /home/detriusxiiuser/play-1.2.3/framework/lib/slf4j-api-1.6.1.jar
7f4d7824a000-7f4d78251000 r--s 00049000 08:11 2759839                    /home/detriusxiiuser/play-1.2.3/framework/lib/oval-1.50.jar
7f4d78251000-7f4d78256000 r--s 00014000 08:11 2759817                    /home/detriusxiiuser/play-1.2.3/framework/lib/hibernate-jpa-2.0-api-1.0.0.Final.jar
7f4d78256000-7f4d7825f000 r--s 0005d000 08:11 2759815                    /home/detriusxiiuser/play-1.2.3/framework/lib/hibernate-entitymanager-3.6.0.Final.jar
7f4d7825f000-7f4d78262000 r--s 00011000 08:11 2759805                    /home/detriusxiiuser/play-1.2.3/framework/lib/ezmorph-1.0.3.jar
7f4d78262000-7f4d78268000 r--s 00067000 08:11 2759788                    /home/detriusxiiuser/play-1.2.3/framework/lib/antlr-2.7.6.jar
7f4d78268000-7f4d7826a000 r--s 00015000 08:11 2759824                    /home/detriusxiiuser/play-1.2.3/framework/lib/jj-simplecaptcha.jar
7f4d7826a000-7f4d7826c000 r--s 0000d000 08:11 2759795                    /home/detriusxiiuser/play-1.2.3/framework/lib/commons-codec-1.4.jar
7f4d7826c000-7f4d78272000 r--s 00040000 08:11 2759835                    /home/detriusxiiuser/play-1.2.3/framework/lib/memcached-2.6.jar
7f4d78272000-7f4d78274000 r--s 0000d000 08:11 2759802                    /home/detriusxiiuser/play-1.2.3/framework/lib/commons-logging-1.1.1.jar
7f4d78274000-7f4d78283000 r--s 000d9000 08:11 2759818                    /home/detriusxiiuser/play-1.2.3/framework/lib/ivy-2.2.0.jar
7f4d78283000-7f4d78285000 r--s 0000c000 08:11 2759787                    /home/detriusxiiuser/play-1.2.3/framework/lib/activation-1.1.1.jar
7f4d78285000-7f4d7828f000 r--s 0006f000 08:11 2759804                    /home/detriusxiiuser/play-1.2.3/framework/lib/ehcache-core-2.0.0.jar
7f4d7828f000-7f4d78292000 r--s 00024000 08:11 2759799                    /home/detriusxiiuser/play-1.2.3/framework/lib/commons-io-2.0.1.jar
7f4d78292000-7f4d78298000 r--s 00032000 08:11 2759822                    /home/detriusxiiuser/play-1.2.3/framework/lib/jaxen-1.1.jar
7f4d78298000-7f4d7829a000 r--s 00002000 08:11 2759830                    /home/detriusxiiuser/play-1.2.3/framework/lib/jta-1.1.jar
7f4d7829a000-7f4d782a0000 r--s 0007e000 08:11 2759840                    /home/detriusxiiuser/play-1.2.3/framework/lib/postgresql-9.0.jar
7f4d782a0000-7f4d782a5000 r--s 00020000 08:11 2759823                    /home/detriusxiiuser/play-1.2.3/framework/lib/jj-imaging.jar
7f4d782a5000-7f4d782ac000 r--s 000b7000 08:11 2759836                    /home/detriusxiiuser/play-1.2.3/framework/lib/mysql-connector-java-5.1.13.jar
7f4d782ac000-7f4d782b1000 r--s 00048000 08:11 2759803                    /home/detriusxiiuser/play-1.2.3/framework/lib/dom4j-1.6.1.jar
7f4d782b1000-7f4d782b2000 r--s 00001000 08:11 4986498                    /home/detriusxiiuser/play-1.2.3/modules/scala-0.9.1/lib/launcher-interface-0.9.5.jar
7f4d782b2000-7f4d782b4000 r--s 0000d000 08:11 4986508                    /home/detriusxiiuser/play-1.2.3/modules/scala-0.9.1/lib/play-scala-compiler.jar
7f4d782b4000-7f4d782d2000 r--s 00196000 08:11 4986522                    /home/detriusxiiuser/play-1.2.3/modules/scala-0.9.1/lib/scalatest-1.2-for-scala-2.8.0.RC7-SNAPSHOT.jar
7f4d782d2000-7f4d782d5000 r--s 0000f000 08:11 4986526                    /home/detriusxiiuser/play-1.2.3/modules/scala-0.9.1/lib/testing_2.8.1-0.9.5.jar
7f4d782d5000-7f4d782d6000 r--s 00002000 08:11 4986489                    /home/detriusxiiuser/play-1.2.3/modules/scala-0.9.1/lib/control_2.8.1-0.9.5.jar
7f4d782d6000-7f4d782da000 r--s 00028000 08:11 4986484                    /home/detriusxiiuser/play-1.2.3/modules/scala-0.9.1/lib/collections_2.8.1-0.9.5.jar
7f4d782da000-7f4d78375000 r--s 007f7000 08:11 4986520                    /home/detriusxiiuser/play-1.2.3/modules/scala-0.9.1/lib/scala-compiler.jar
7f4d78375000-7f4d7837c000 r--s 00044000 08:11 4986480                    /home/detriusxiiuser/play-1.2.3/modules/scala-0.9.1/lib/api_2.8.1-0.9.5.jar
7f4d7837c000-7f4d7837f000 r--s 0001b000 08:11 4986523                    /home/detriusxiiuser/play-1.2.3/modules/scala-0.9.1/lib/task-system_2.8.1-0.9.5.jar
7f4d7837f000-7f4d78381000 r--s 00019000 08:11 4986481                    /home/detriusxiiuser/play-1.2.3/modules/scala-0.9.1/lib/cache_2.8.1-0.9.5.jar
7f4d78381000-7f4d78387000 r--s 00044000 08:11 4986497                    /home/detriusxiiuser/play-1.2.3/modules/scala-0.9.1/lib/launcher-0.9.5.jar
7f4d78387000-7f4d7838a000 r--s 00019000 08:11 4986507                    /home/detriusxiiuser/play-1.2.3/modules/scala-0.9.1/lib/persist_2.8.1-0.9.5.jar
7f4d7838a000-7f4d7838d000 r--s 00012000 08:11 4986514                    /home/detriusxiiuser/play-1.2.3/modules/scala-0.9.1/lib/run_2.8.1-0.9.5.jar
7f4d7838d000-7f4d78393000 r--s 0003e000 08:11 4986494                    /home/detriusxiiuser/play-1.2.3/modules/scala-0.9.1/lib/io_2.8.1-0.9.5.jar
7f4d78393000-7f4d78398000 r--s 0002f000 08:11 4986487                    /home/detriusxiiuser/play-1.2.3/modules/scala-0.9.1/lib/configgy-2.0.2-nologgy.jar
7f4d78398000-7f4d7839c000 r--s 00020000 08:11 4986491                    /home/detriusxiiuser/play-1.2.3/modules/scala-0.9.1/lib/incremental-compiler_2.8.1-0.9.5.jar
7f4d7839c000-7f4d7839d000 r--s 00003000 08:11 4986516                    /home/detriusxiiuser/play-1.2.3/modules/scala-0.9.1/lib/sbt_2.8.1-0.9.5.jar
7f4d7839d000-7f4d7839f000 r--s 00012000 08:11 4986482                    /home/detriusxiiuser/play-1.2.3/modules/scala-0.9.1/lib/classfile_2.8.1-0.9.5.jar
7f4d7839f000-7f4d783a4000 r--s 00035000 08:11 4986478                    /home/detriusxiiuser/play-1.2.3/modules/scala-0.9.1/lib/actions_2.8.1-0.9.5.jar
7f4d783a4000-7f4d783a8000 r--s 00021000 08:11 4986515                    /home/detriusxiiuser/play-1.2.3/modules/scala-0.9.1/lib/sbinary_2.8.0-0.3.1.jar
7f4d783a8000-7f4d78407000 r--s 005d3000 08:11 4986521                    /home/detriusxiiuser/play-1.2.3/modules/scala-0.9.1/lib/scala-library.jar
7f4d78407000-7f4d7841a000 r--s 000d6000 08:11 4986509                    /home/detriusxiiuser/play-1.2.3/modules/scala-0.9.1/lib/play-scala.jar
7f4d7841a000-7f4d7841c000 r--s 00009000 08:11 4986527                    /home/detriusxiiuser/play-1.2.3/modules/scala-0.9.1/lib/tracking_2.8.1-0.9.5.jar
7f4d7841c000-7f4d78424000 r--s 0005e000 08:11 4986496                    /home/detriusxiiuser/play-1.2.3/modules/scala-0.9.1/lib/ivy_2.8.1-0.9.5.jar
7f4d78424000-7f4d7842a000 r--s 0003f000 08:11 4986486                    /home/detriusxiiuser/play-1.2.3/modules/scala-0.9.1/lib/completion_2.8.1-0.9.5.jar
7f4d7842a000-7f4d7842e000 r--s 00018000 08:11 4986510                    /home/detriusxiiuser/play-1.2.3/modules/scala-0.9.1/lib/process_2.8.1-0.9.5.jar
7f4d7842e000-7f4d7843d000 r--s 000d9000 08:11 4986495                    /home/detriusxiiuser/play-1.2.3/modules/scala-0.9.1/lib/ivy-2.2.0.jar
7f4d7843d000-7f4d7844a000 r--s 000c2000 08:11 4986479                    /home/detriusxiiuser/play-1.2.3/modules/scala-0.9.1/lib/akka-actor-1.0.jar
7f4d7844a000-7f4d78462000 r--s 0012c000 08:11 4986506                    /home/detriusxiiuser/play-1.2.3/modules/scala-0.9.1/lib/main_2.8.1-0.9.5.jar
7f4d78462000-7f4d7847d000 r--s 003e9000 08:11 2760759                    /home/detriusxiiuser/Documents/PlayInScala/lib/Squeryl.jar
7f4d7847d000-7f4d7847e000 ---p 00000000 00:00 0 
7f4d7847e000-7f4d7857e000 rw-p 00000000 00:00 0 
7f4d7857e000-7f4d78581000 ---p 00000000 00:00 0 
7f4d78581000-7f4d7867f000 rw-p 00000000 00:00 0 
7f4d7867f000-7f4d78682000 ---p 00000000 00:00 0 
7f4d78682000-7f4d78780000 rw-p 00000000 00:00 0 
7f4d78780000-7f4d78783000 ---p 00000000 00:00 0 
7f4d78783000-7f4d78881000 rw-p 00000000 00:00 0 
7f4d78881000-7f4d78884000 ---p 00000000 00:00 0 
7f4d78884000-7f4d78982000 rw-p 00000000 00:00 0 
7f4d78982000-7f4d78985000 ---p 00000000 00:00 0 
7f4d78985000-7f4d78a83000 rw-p 00000000 00:00 0 
7f4d78a83000-7f4d78a87000 r-xp 00000000 08:11 5246017                    /home/detriusxiiuser/glassfish3/jdk7/jre/lib/amd64/libdt_socket.so
7f4d78a87000-7f4d78c86000 ---p 00004000 08:11 5246017                    /home/detriusxiiuser/glassfish3/jdk7/jre/lib/amd64/libdt_socket.so
7f4d78c86000-7f4d78c87000 rw-p 00003000 08:11 5246017                    /home/detriusxiiuser/glassfish3/jdk7/jre/lib/amd64/libdt_socket.so
7f4d78c87000-7f4d78c8a000 ---p 00000000 00:00 0 
7f4d78c8a000-7f4d78d88000 rw-p 00000000 00:00 0 
7f4d78d88000-7f4d78d8b000 ---p 00000000 00:00 0 
7f4d78d8b000-7f4d78e89000 rw-p 00000000 00:00 0 
7f4d78e89000-7f4d78e8c000 ---p 00000000 00:00 0 
7f4d78e8c000-7f4d78f8a000 rw-p 00000000 00:00 0 
7f4d78f8a000-7f4d78f8b000 ---p 00000000 00:00 0 
7f4d78f8b000-7f4d793fe000 rw-p 00000000 00:00 0 
7f4d793fe000-7f4d795bd000 r--s 039fa000 08:11 5245971                    /home/detriusxiiuser/glassfish3/jdk7/jre/lib/rt.jar
7f4d795bd000-7f4d795be000 ---p 00000000 00:00 0 
7f4d795be000-7f4d796be000 rw-p 00000000 00:00 0 
7f4d796be000-7f4d796bf000 ---p 00000000 00:00 0 
7f4d796bf000-7f4d7996a000 rw-p 00000000 00:00 0 
7f4d7996a000-7f4d79a6b000 rw-p 00000000 00:00 0 
7f4d79a6b000-7f4d7a8ab000 rwxp 00000000 00:00 0 
7f4d7a8ab000-7f4d7ca6b000 rw-p 00000000 00:00 0 
7f4d7ca6b000-7f4d7ca85000 r-xp 00000000 08:11 5246045                    /home/detriusxiiuser/glassfish3/jdk7/jre/lib/amd64/libzip.so
7f4d7ca85000-7f4d7cc85000 ---p 0001a000 08:11 5246045                    /home/detriusxiiuser/glassfish3/jdk7/jre/lib/amd64/libzip.so
7f4d7cc85000-7f4d7cc86000 rw-p 0001a000 08:11 5246045                    /home/detriusxiiuser/glassfish3/jdk7/jre/lib/amd64/libzip.so
7f4d7cc86000-7f4d7cc92000 r-xp 00000000 08:11 4456689                    /lib/x86_64-linux-gnu/libnss_files-2.13.so
7f4d7cc92000-7f4d7ce91000 ---p 0000c000 08:11 4456689                    /lib/x86_64-linux-gnu/libnss_files-2.13.so
7f4d7ce91000-7f4d7ce92000 r--p 0000b000 08:11 4456689                    /lib/x86_64-linux-gnu/libnss_files-2.13.so
7f4d7ce92000-7f4d7ce93000 rw-p 0000c000 08:11 4456689                    /lib/x86_64-linux-gnu/libnss_files-2.13.so
7f4d7ce93000-7f4d7ce9d000 r-xp 00000000 08:11 4456691                    /lib/x86_64-linux-gnu/libnss_nis-2.13.so
7f4d7ce9d000-7f4d7d09d000 ---p 0000a000 08:11 4456691                    /lib/x86_64-linux-gnu/libnss_nis-2.13.so
7f4d7d09d000-7f4d7d09e000 r--p 0000a000 08:11 4456691                    /lib/x86_64-linux-gnu/libnss_nis-2.13.so
7f4d7d09e000-7f4d7d09f000 rw-p 0000b000 08:11 4456691                    /lib/x86_64-linux-gnu/libnss_nis-2.13.so
7f4d7d09f000-7f4d7d0b6000 r-xp 00000000 08:11 4456632                    /lib/x86_64-linux-gnu/libnsl-2.13.so
7f4d7d0b6000-7f4d7d2b5000 ---p 00017000 08:11 4456632                    /lib/x86_64-linux-gnu/libnsl-2.13.so
7f4d7d2b5000-7f4d7d2b6000 r--p 00016000 08:11 4456632                    /lib/x86_64-linux-gnu/libnsl-2.13.so
7f4d7d2b6000-7f4d7d2b7000 rw-p 00017000 08:11 4456632                    /lib/x86_64-linux-gnu/libnsl-2.13.so
7f4d7d2b7000-7f4d7d2b9000 rw-p 00000000 00:00 0 
7f4d7d2b9000-7f4d7d2c1000 r-xp 00000000 08:11 4456687                    /lib/x86_64-linux-gnu/libnss_compat-2.13.so
7f4d7d2c1000-7f4d7d4c0000 ---p 00008000 08:11 4456687                    /lib/x86_64-linux-gnu/libnss_compat-2.13.so
7f4d7d4c0000-7f4d7d4c1000 r--p 00007000 08:11 4456687                    /lib/x86_64-linux-gnu/libnss_compat-2.13.so
7f4d7d4c1000-7f4d7d4c2000 rw-p 00008000 08:11 4456687                    /lib/x86_64-linux-gnu/libnss_compat-2.13.so
7f4d7d4c2000-7f4d7da46000 r--p 00000000 08:11 655503                     /usr/lib/locale/locale-archive
7f4d7da46000-7f4d7da49000 r-xp 00000000 08:11 5246018                    /home/detriusxiiuser/glassfish3/jdk7/jre/lib/amd64/libnpt.so
7f4d7da49000-7f4d7dc48000 ---p 00003000 08:11 5246018                    /home/detriusxiiuser/glassfish3/jdk7/jre/lib/amd64/libnpt.so
7f4d7dc48000-7f4d7dc49000 rw-p 00002000 08:11 5246018                    /home/detriusxiiuser/glassfish3/jdk7/jre/lib/amd64/libnpt.so
7f4d7dc49000-7f4d7dc53000 r-xp 00000000 08:11 5246009                    /home/detriusxiiuser/glassfish3/jdk7/jre/lib/amd64/libinstrument.so
7f4d7dc53000-7f4d7de52000 ---p 0000a000 08:11 5246009                    /home/detriusxiiuser/glassfish3/jdk7/jre/lib/amd64/libinstrument.so
7f4d7de52000-7f4d7de53000 rw-p 00009000 08:11 5246009                    /home/detriusxiiuser/glassfish3/jdk7/jre/lib/amd64/libinstrument.so
7f4d7de53000-7f4d7de8c000 r-xp 00000000 08:11 5246040                    /home/detriusxiiuser/glassfish3/jdk7/jre/lib/amd64/libjdwp.so
7f4d7de8c000-7f4d7e08b000 ---p 00039000 08:11 5246040                    /home/detriusxiiuser/glassfish3/jdk7/jre/lib/amd64/libjdwp.so
7f4d7e08b000-7f4d7e08d000 rw-p 00038000 08:11 5246040                    /home/detriusxiiuser/glassfish3/jdk7/jre/lib/amd64/libjdwp.so
7f4d7e08d000-7f4d7e0b6000 r-xp 00000000 08:11 5246036                    /home/detriusxiiuser/glassfish3/jdk7/jre/lib/amd64/libjava.so
7f4d7e0b6000-7f4d7e2b6000 ---p 00029000 08:11 5246036                    /home/detriusxiiuser/glassfish3/jdk7/jre/lib/amd64/libjava.so
7f4d7e2b6000-7f4d7e2b8000 rw-p 00029000 08:11 5246036                    /home/detriusxiiuser/glassfish3/jdk7/jre/lib/amd64/libjava.so
7f4d7e2b8000-7f4d7e2c7000 r-xp 00000000 08:11 5246019                    /home/detriusxiiuser/glassfish3/jdk7/jre/lib/amd64/libverify.so
7f4d7e2c7000-7f4d7e4c6000 ---p 0000f000 08:11 5246019                    /home/detriusxiiuser/glassfish3/jdk7/jre/lib/amd64/libverify.so
7f4d7e4c6000-7f4d7e4c8000 rw-p 0000e000 08:11 5246019                    /home/detriusxiiuser/glassfish3/jdk7/jre/lib/amd64/libverify.so
7f4d7e4c8000-7f4d7e4cf000 r-xp 00000000 08:11 4456696                    /lib/x86_64-linux-gnu/librt-2.13.so
7f4d7e4cf000-7f4d7e6ce000 ---p 00007000 08:11 4456696                    /lib/x86_64-linux-gnu/librt-2.13.so
7f4d7e6ce000-7f4d7e6cf000 r--p 00006000 08:11 4456696                    /lib/x86_64-linux-gnu/librt-2.13.so
7f4d7e6cf000-7f4d7e6d0000 rw-p 00007000 08:11 4456696                    /lib/x86_64-linux-gnu/librt-2.13.so
7f4d7e6d0000-7f4d7e753000 r-xp 00000000 08:11 4456583                    /lib/x86_64-linux-gnu/libm-2.13.so
7f4d7e753000-7f4d7e952000 ---p 00083000 08:11 4456583                    /lib/x86_64-linux-gnu/libm-2.13.so
7f4d7e952000-7f4d7e953000 r--p 00082000 08:11 4456583                    /lib/x86_64-linux-gnu/libm-2.13.so
7f4d7e953000-7f4d7e954000 rw-p 00083000 08:11 4456583                    /lib/x86_64-linux-gnu/libm-2.13.so
7f4d7e954000-7f4d7f324000 r-xp 00000000 08:11 5246031                    /home/detriusxiiuser/glassfish3/jdk7/jre/lib/amd64/server/libjvm.so
7f4d7f324000-7f4d7f524000 ---p 009d0000 08:11 5246031                    /home/detriusxiiuser/glassfish3/jdk7/jre/lib/amd64/server/libjvm.so
7f4d7f524000-7f4d7f5bf000 rw-p 009d0000 08:11 5246031                    /home/detriusxiiuser/glassfish3/jdk7/jre/lib/amd64/server/libjvm.so
7f4d7f5bf000-7f4d7f5f8000 rw-p 00000000 00:00 0 
7f4d7f5f8000-7f4d7f78f000 r-xp 00000000 08:11 4456507                    /lib/x86_64-linux-gnu/libc-2.13.so
7f4d7f78f000-7f4d7f98e000 ---p 00197000 08:11 4456507                    /lib/x86_64-linux-gnu/libc-2.13.so
7f4d7f98e000-7f4d7f992000 r--p 00196000 08:11 4456507                    /lib/x86_64-linux-gnu/libc-2.13.so
7f4d7f992000-7f4d7f993000 rw-p 0019a000 08:11 4456507                    /lib/x86_64-linux-gnu/libc-2.13.so
7f4d7f993000-7f4d7f999000 rw-p 00000000 00:00 0 
7f4d7f999000-7f4d7f99b000 r-xp 00000000 08:11 4456571                    /lib/x86_64-linux-gnu/libdl-2.13.so
7f4d7f99b000-7f4d7fb9b000 ---p 00002000 08:11 4456571                    /lib/x86_64-linux-gnu/libdl-2.13.so
7f4d7fb9b000-7f4d7fb9c000 r--p 00002000 08:11 4456571                    /lib/x86_64-linux-gnu/libdl-2.13.so
7f4d7fb9c000-7f4d7fb9d000 rw-p 00003000 08:11 4456571                    /lib/x86_64-linux-gnu/libdl-2.13.so
7f4d7fb9d000-7f4d7fbb3000 r-xp 00000000 08:11 5246001                    /home/detriusxiiuser/glassfish3/jdk7/jre/lib/amd64/jli/libjli.so
7f4d7fbb3000-7f4d7fdb2000 ---p 00016000 08:11 5246001                    /home/detriusxiiuser/glassfish3/jdk7/jre/lib/amd64/jli/libjli.so
7f4d7fdb2000-7f4d7fdb3000 rw-p 00015000 08:11 5246001                    /home/detriusxiiuser/glassfish3/jdk7/jre/lib/amd64/jli/libjli.so
7f4d7fdb3000-7f4d7fdcb000 r-xp 00000000 08:11 4456694                    /lib/x86_64-linux-gnu/libpthread-2.13.so
7f4d7fdcb000-7f4d7ffca000 ---p 00018000 08:11 4456694                    /lib/x86_64-linux-gnu/libpthread-2.13.so
7f4d7ffca000-7f4d7ffcb000 r--p 00017000 08:11 4456694                    /lib/x86_64-linux-gnu/libpthread-2.13.so
7f4d7ffcb000-7f4d7ffcc000 rw-p 00018000 08:11 4456694                    /lib/x86_64-linux-gnu/libpthread-2.13.so
7f4d7ffcc000-7f4d7ffd0000 rw-p 00000000 00:00 0 
7f4d7ffd0000-7f4d7fff1000 r-xp 00000000 08:11 4456477                    /lib/x86_64-linux-gnu/ld-2.13.so
7f4d7fff1000-7f4d7fff3000 r--s 00010000 08:11 4986483                    /home/detriusxiiuser/play-1.2.3/modules/scala-0.9.1/lib/classpath_2.8.1-0.9.5.jar
7f4d7fff3000-7f4d7fff4000 r--s 00003000 08:11 4986528                    /home/detriusxiiuser/play-1.2.3/modules/scala-0.9.1/lib/uuid-3.2.jar
7f4d7fff4000-7f4d7fff7000 r--s 00015000 08:11 4986524                    /home/detriusxiiuser/play-1.2.3/modules/scala-0.9.1/lib/tasks_2.8.1-0.9.5.jar
7f4d7fff7000-7f4d7fffa000 r--s 00019000 08:11 4986485                    /home/detriusxiiuser/play-1.2.3/modules/scala-0.9.1/lib/compile_2.8.1-0.9.5.jar
7f4d7fffa000-7f4d7fffd000 r--s 0000e000 08:11 4986499                    /home/detriusxiiuser/play-1.2.3/modules/scala-0.9.1/lib/logging_2.8.1-0.9.5.jar
7f4d7fffd000-7f4d7ffff000 r--s 00000000 08:11 4986525                    /home/detriusxiiuser/play-1.2.3/modules/scala-0.9.1/lib/test-interface-0.5.jar
7f4d7ffff000-7f4d80001000 r--s 00007000 08:11 4986492                    /home/detriusxiiuser/play-1.2.3/modules/scala-0.9.1/lib/interface-0.9.5.jar
7f4d80001000-7f4d80007000 r--s 0007e000 08:11 2760758                    /home/detriusxiiuser/Documents/PlayInScala/lib/postgresql-8.4-702.jdbc4.jar
7f4d80007000-7f4d80040000 rw-p 00000000 00:00 0 
7f4d80040000-7f4d800c7000 rw-p 00000000 00:00 0 
7f4d800c7000-7f4d800ca000 ---p 00000000 00:00 0 
7f4d800ca000-7f4d801cc000 rw-p 00000000 00:00 0 
7f4d801cc000-7f4d801ce000 r--s 00004000 08:11 4986490                    /home/detriusxiiuser/play-1.2.3/modules/scala-0.9.1/lib/discovery_2.8.1-0.9.5.jar
7f4d801ce000-7f4d801d0000 r--s 00022000 08:11 2756450                    /home/detriusxiiuser/Documents/PlayInScala/lib/SquerylJdip.jar
7f4d801d0000-7f4d801d7000 r--s 00040000 08:11 2760757                    /home/detriusxiiuser/Documents/PlayInScala/lib/cglib-2.2.2.jar
7f4d801d7000-7f4d801d8000 r--s 0000a000 08:11 2760190                    /home/detriusxiiuser/Documents/PlayInScala/lib/asm-3.3.1.jar
7f4d801d8000-7f4d801d9000 rw-p 00000000 00:00 0 
7f4d801d9000-7f4d801e4000 r--s 000b8000 08:11 2759849                    /home/detriusxiiuser/play-1.2.3/framework/play-1.2.3.jar
7f4d801e4000-7f4d801ec000 rw-s 00000000 08:11 2622139                    /tmp/hsperfdata_detriusxiiuser/2369
7f4d801ec000-7f4d801ed000 rw-p 00000000 00:00 0 
7f4d801ed000-7f4d801ee000 r--p 00000000 00:00 0 
7f4d801ee000-7f4d801f0000 rw-p 00000000 00:00 0 
7f4d801f0000-7f4d801f1000 r--p 00020000 08:11 4456477                    /lib/x86_64-linux-gnu/ld-2.13.so
7f4d801f1000-7f4d801f3000 rw-p 00021000 08:11 4456477                    /lib/x86_64-linux-gnu/ld-2.13.so
7fffffe76000-7fffffe99000 rw-p 00000000 00:00 0                          [stack]
7ffffff4a000-7ffffff4b000 r-xp 00000000 00:00 0                          [vdso]
ffffffffff600000-ffffffffff601000 r-xp 00000000 00:00 0                  [vsyscall]

VM Arguments:
jvm_args: -javaagent:/home/detriusxiiuser/play-1.2.3/framework/play-1.2.3.jar -Xms512m -Xmx512m -XX:PermSize=256m -XX:MaxPermSize=256m -Dfile.encoding=utf-8 -Xdebug -Xrunjdwp:transport=dt_socket,address=8000,server=y,suspend=n -Dplay.debug=yes -Dapplication.path=/home/detriusxiiuser/Documents/PlayInScala -Dplay.id= 
java_command: play.server.Server 
Launcher Type: SUN_STANDARD

Environment Variables:
JAVA_HOME=/home/detriusxiiuser/glassfish3/jdk7
PATH=/home/detriusxiiuser/glassfish3/jdk7/bin:/home/detriusxiiuser/play-1.2.3:/home/detriusxiiuser/scala2.8.2/bin:/usr/lib/lightdm/lightdm:/usr/local/sbin:/usr/local/bin:/usr/sbin:/usr/bin:/sbin:/bin:/usr/games
USERNAME=detriusxiiuser
SHELL=/bin/bash
DISPLAY=:0

Signal Handlers:
SIGSEGV: [libjvm.so+0x84be70], sa_mask[0]=0x7ffbfeff, sa_flags=0x10000004
SIGBUS: [libjvm.so+0x84be70], sa_mask[0]=0x7ffbfeff, sa_flags=0x10000004
SIGFPE: [libjvm.so+0x6f3820], sa_mask[0]=0x7ffbfeff, sa_flags=0x10000004
SIGPIPE: [libjvm.so+0x6f3820], sa_mask[0]=0x7ffbfeff, sa_flags=0x10000004
SIGXFSZ: [libjvm.so+0x6f3820], sa_mask[0]=0x7ffbfeff, sa_flags=0x10000004
SIGILL: [libjvm.so+0x6f3820], sa_mask[0]=0x7ffbfeff, sa_flags=0x10000004
SIGUSR1: SIG_DFL, sa_mask[0]=0x00000000, sa_flags=0x00000000
SIGUSR2: [libjvm.so+0x6f3190], sa_mask[0]=0x00000000, sa_flags=0x10000004
SIGHUP: [libjvm.so+0x6f5650], sa_mask[0]=0x7ffbfeff, sa_flags=0x10000004
SIGINT: [libjvm.so+0x6f5650], sa_mask[0]=0x7ffbfeff, sa_flags=0x10000004
SIGTERM: [libjvm.so+0x6f5650], sa_mask[0]=0x7ffbfeff, sa_flags=0x10000004
SIGQUIT: [libjvm.so+0x6f5650], sa_mask[0]=0x7ffbfeff, sa_flags=0x10000004


---------------  S Y S T E M  ---------------

OS:wheezy/sid

uname:Linux 3.0.0-16-generic #29-Ubuntu SMP Tue Feb 14 12:48:51 UTC 2012 x86_64
libc:glibc 2.13 NPTL 2.13 
rlimit: STACK 8192k, CORE 0k, NPROC 63886, NOFILE 4096, AS infinity
load average:0.48 0.34 0.16

/proc/meminfo:
MemTotal:        8195308 kB
MemFree:         4514616 kB
Buffers:           66956 kB
Cached:           674540 kB
SwapCached:       130420 kB
Active:          2324588 kB
Inactive:        1063004 kB
Active(anon):    2161576 kB
Inactive(anon):   498656 kB
Active(file):     163012 kB
Inactive(file):   564348 kB
Unevictable:          56 kB
Mlocked:              56 kB
SwapTotal:       6384636 kB
SwapFree:        5877164 kB
Dirty:              9908 kB
Writeback:             0 kB
AnonPages:       2589308 kB
Mapped:           130036 kB
Shmem:             14048 kB
Slab:              64716 kB
SReclaimable:      37008 kB
SUnreclaim:        27708 kB
KernelStack:        3808 kB
PageTables:        42956 kB
NFS_Unstable:          0 kB
Bounce:                0 kB
WritebackTmp:          0 kB
CommitLimit:    10482288 kB
Committed_AS:    6139408 kB
VmallocTotal:   34359738367 kB
VmallocUsed:      353764 kB
VmallocChunk:   34359375868 kB
HardwareCorrupted:     0 kB
AnonHugePages:         0 kB
HugePages_Total:       0
HugePages_Free:        0
HugePages_Rsvd:        0
HugePages_Surp:        0
Hugepagesize:       2048 kB
DirectMap4k:     1080896 kB
DirectMap2M:     7307264 kB


CPU:total 2 (2 cores per cpu, 1 threads per core) family 6 model 15 stepping 6, cmov, cx8, fxsr, mmx, sse, sse2, sse3, ssse3

/proc/cpuinfo:
processor	: 0
vendor_id	: GenuineIntel
cpu family	: 6
model		: 15
model name	: Intel(R) Core(TM)2 CPU          6400  @ 2.13GHz
stepping	: 6
cpu MHz		: 2128.000
cache size	: 2048 KB
physical id	: 0
siblings	: 2
core id		: 0
cpu cores	: 2
apicid		: 0
initial apicid	: 0
fpu		: yes
fpu_exception	: yes
cpuid level	: 10
wp		: yes
flags		: fpu vme de pse tsc msr pae mce cx8 apic sep mtrr pge mca cmov pat pse36 clflush dts acpi mmx fxsr sse sse2 ss ht tm pbe syscall nx lm constant_tsc arch_perfmon pebs bts rep_good nopl aperfmperf pni dtes64 monitor ds_cpl vmx est tm2 ssse3 cx16 xtpr pdcm lahf_lm dts tpr_shadow
bogomips	: 4270.06
clflush size	: 64
cache_alignment	: 64
address sizes	: 36 bits physical, 48 bits virtual
power management:

processor	: 1
vendor_id	: GenuineIntel
cpu family	: 6
model		: 15
model name	: Intel(R) Core(TM)2 CPU          6400  @ 2.13GHz
stepping	: 6
cpu MHz		: 2128.000
cache size	: 2048 KB
physical id	: 0
siblings	: 2
core id		: 1
cpu cores	: 2
apicid		: 1
initial apicid	: 1
fpu		: yes
fpu_exception	: yes
cpuid level	: 10
wp		: yes
flags		: fpu vme de pse tsc msr pae mce cx8 apic sep mtrr pge mca cmov pat pse36 clflush dts acpi mmx fxsr sse sse2 ss ht tm pbe syscall nx lm constant_tsc arch_perfmon pebs bts rep_good nopl aperfmperf pni dtes64 monitor ds_cpl vmx est tm2 ssse3 cx16 xtpr pdcm lahf_lm dts tpr_shadow
bogomips	: 4270.15
clflush size	: 64
cache_alignment	: 64
address sizes	: 36 bits physical, 48 bits virtual
power management:



Memory: 4k page, physical 8195308k(4514616k free), swap 6384636k(5877164k free)

vm_info: Java HotSpot(TM) 64-Bit Server VM (21.0-b17) for linux-amd64 JRE (1.7.0-b147), built on Jun 27 2011 01:30:59 by "java_re" with gcc 4.3.0 20080428 (Red Hat 4.3.0-8)

time: Tue Mar 13 22:26:13 2012
elapsed time: 99519 seconds

