#
# A fatal error has been detected by the Java Runtime Environment:
#
#  SIGSEGV (0xb) at pc=0x00007f6cd4ac5694, pid=3878, tid=140105292130048
#
# JRE version: 7.0-b147
# Java VM: Java HotSpot(TM) 64-Bit Server VM (21.0-b17 mixed mode linux-amd64 compressed oops)
# Problematic frame:
# V  [libjvm.so+0x63e694]  PhaseIdealLoop::build_loop_late_post(Node*)+0x154
#
# Failed to write core dump. Core dumps have been disabled. To enable core dumping, try "ulimit -c unlimited" before starting Java again
#
# If you would like to submit a bug report, please visit:
#   http://bugreport.sun.com/bugreport/crash.jsp
#

---------------  T H R E A D  ---------------

Current thread (0x00007f6cc8128000):  JavaThread "C2 CompilerThread1" daemon [_thread_in_native, id=3889, stack(0x00007f6cce1b2000,0x00007f6cce2b3000)]

siginfo:si_signo=SIGSEGV: si_errno=0, si_code=1 (SEGV_MAPERR), si_addr=0x0000000000000008

Registers:
RAX=0x0000000000000000, RBX=0x00007f6cce2af7d0, RCX=0x0000000000000000, RDX=0x00000000000013dd
RSP=0x00007f6cce2ae040, RBP=0x00007f6cce2ae070, RSI=0x0000000000000000, RDI=0x000000000210fbf0
R8 =0x0000000000000000, R9 =0x0000000000000038, R10=0x0000000001e20368, R11=0x00007f6cd51b008e
R12=0x00000000028fedf0, R13=0x0000000002efcd10, R14=0x0000000001dcfb80, R15=0x00007f6cce2af7f0
RIP=0x00007f6cd4ac5694, EFLAGS=0x0000000000010206, CSGSFS=0x0000000000000033, ERR=0x0000000000000004
  TRAPNO=0x000000000000000e

Top of Stack: (sp=0x00007f6cce2ae040)
0x00007f6cce2ae040:   00007f6cce2ae070 00007f6cce2ae2f0
0x00007f6cce2ae050:   0000000001dcfb80 00007f6cce2ae330
0x00007f6cce2ae060:   0000000000000002 00000000000001a0
0x00007f6cce2ae070:   00007f6cce2ae0d0 00007f6cd4ac5bfc
0x00007f6cce2ae080:   00007f6c00000001 0000000002905ce0
0x00007f6cce2ae090:   00007f6cce2ae310 00007f6cce2af7d0
0x00007f6cce2ae0a0:   00007f6cce2b0170 0000000000000001
0x00007f6cce2ae0b0:   00000000013d6730 00007f6cce2af7d0
0x00007f6cce2ae0c0:   00007f6cd50e4d38 00007f6cce2ae310
0x00007f6cce2ae0d0:   00007f6cce2ae380 00007f6cd4acccb9
0x00007f6cce2ae0e0:   0000000000000000 00007f6cce2ae330
0x00007f6cce2ae0f0:   00007f6cce2ae2f0 01000000012f6040
0x00007f6cce2ae100:   00007f6cce2af7f0 00000007ce2aedf8
0x00007f6cce2ae110:   0000000002c02200 0000000002c02250
0x00007f6cce2ae120:   0000000002c0a1e8 00007f6cc81285b0
0x00007f6cce2ae130:   00007f6cc81285b0 00007f6c00000004
0x00007f6cce2ae140:   0000000001c88510 00007f6c00000000
0x00007f6cce2ae150:   0000000001807250 00007f6cce2aedc0
0x00007f6cce2ae160:   000000010154cf48 00000000012f3210
0x00007f6cce2ae170:   00007f6cce2ae2e0 00007f6cd4b3cf69
0x00007f6cce2ae180:   00007f6cce2ae2e0 00007f6cd47acd15
0x00007f6cce2ae190:   00000000013d6730 0000000001a8b730
0x00007f6cce2ae1a0:   00007f6cce2ae1b0 00007f6cd4c9ec7d
0x00007f6cce2ae1b0:   01007f6cce2ae210 00007f6cce2aedc0
0x00007f6cce2ae1c0:   01000000012c0108 0000000000000002
0x00007f6cce2ae1d0:   00000000013a7840 00000000013a7840
0x00007f6cce2ae1e0:   0000000601465878 0000000000000000
0x00007f6cce2ae1f0:   00000000013a7840 0000000000010040
0x00007f6cce2ae200:   00007f6cd50e4d38 0000000000000000
0x00007f6cce2ae210:   00007f6cce2ae240 00007f6cd4ca05b1
0x00007f6cce2ae220:   0000000000000000 00007f6cd54c51c0
0x00007f6cce2ae230:   00007f6cce2ae2a0 0000000000010010 

Instructions: (pc=0x00007f6cd4ac5694)
0x00007f6cd4ac5674:   00 8b 70 28 49 89 c4 0f 1f 44 00 00 89 f0 48 8d
0x00007f6cd4ac5684:   3c c5 00 00 00 00 48 03 bb e0 09 00 00 48 8b 0f
0x00007f6cd4ac5694:   48 8b 41 08 48 83 38 00 75 2b 8b 73 28 0f 1f 80
0x00007f6cd4ac56a4:   00 00 00 00 8b 41 28 31 c9 39 f0 73 0e 89 c2 48 

Register to memory mapping:

RAX=0x0000000000000000 is an unknown value
RBX=0x00007f6cce2af7d0 is pointing into the stack for thread: 0x00007f6cc8128000
RCX=0x0000000000000000 is an unknown value
RDX=0x00000000000013dd is an unknown value
RSP=0x00007f6cce2ae040 is pointing into the stack for thread: 0x00007f6cc8128000
RBP=0x00007f6cce2ae070 is pointing into the stack for thread: 0x00007f6cc8128000
RSI=0x0000000000000000 is an unknown value
RDI=0x000000000210fbf0 is an unknown value
R8 =0x0000000000000000 is an unknown value
R9 =0x0000000000000038 is an unknown value
R10=0x0000000001e20368 is an unknown value
R11=0x00007f6cd51b008e: <offset 0x8508e> in /lib/x86_64-linux-gnu/libc.so.6 at 0x00007f6cd512b000
R12=0x00000000028fedf0 is an unknown value
R13=0x0000000002efcd10 is an unknown value
R14=0x0000000001dcfb80 is an unknown value
R15=0x00007f6cce2af7f0 is pointing into the stack for thread: 0x00007f6cc8128000


Stack: [0x00007f6cce1b2000,0x00007f6cce2b3000],  sp=0x00007f6cce2ae040,  free space=1008k
Native frames: (J=compiled Java code, j=interpreted, Vv=VM code, C=native code)
V  [libjvm.so+0x63e694]  PhaseIdealLoop::build_loop_late_post(Node*)+0x154
V  [libjvm.so+0x63ebfc]  PhaseIdealLoop::build_loop_late(VectorSet&, Node_List&, Node_Stack&)+0x13c
V  [libjvm.so+0x645cb9]  PhaseIdealLoop::build_and_optimize(bool)+0x789
V  [libjvm.so+0x39ca28]  Compile::Optimize()+0xaf8
V  [libjvm.so+0x39d96c]  Compile::Compile(ciEnv*, C2Compiler*, ciMethod*, int, bool, bool)+0xdac
V  [libjvm.so+0x312042]  C2Compiler::compile_method(ciEnv*, ciMethod*, int)+0x142
V  [libjvm.so+0x3a2cad]  CompileBroker::invoke_compiler_on_method(CompileTask*)+0x2ed
V  [libjvm.so+0x3a35dd]  CompileBroker::compiler_thread_loop()+0x43d
V  [libjvm.so+0x80d79a]  JavaThread::run()+0x17a
V  [libjvm.so+0x6f84b0]  java_start(Thread*)+0x100


Current CompileTask:
C2:253824339 3430             jregex.Pretokenizer::next (1064 bytes)


---------------  P R O C E S S  ---------------

Java Threads: ( => current thread )
  0x00007f6cc923c800 JavaThread "New I/O server worker #1-3" [_thread_in_native, id=13694, stack(0x00007f6ccd5c8000,0x00007f6ccd6c9000)]
  0x00007f6cc815f800 JavaThread "New I/O server worker #1-4" [_thread_in_native, id=13693, stack(0x00007f6ccd4c7000,0x00007f6ccd5c8000)]
  0x00007f6cc8589000 JavaThread "New I/O server worker #1-1" [_thread_in_native, id=13692, stack(0x00007f6ccc70f000,0x00007f6ccc810000)]
  0x0000000001cc4800 JavaThread "net.sf.ehcache.CacheManager@1cb30494" daemon [_thread_blocked, id=13207, stack(0x00007f6ccd29e000,0x00007f6ccd39f000)]
  0x00000000022bd000 JavaThread "com.mchange.v2.async.ThreadPoolAsynchronousRunner$PoolThread-#2" daemon [_thread_blocked, id=5949, stack(0x00007f6cccc92000,0x00007f6cccd93000)]
  0x0000000001576800 JavaThread "com.mchange.v2.async.ThreadPoolAsynchronousRunner$PoolThread-#1" daemon [_thread_blocked, id=5948, stack(0x00007f6cccd93000,0x00007f6ccce94000)]
  0x0000000002a8f800 JavaThread "com.mchange.v2.async.ThreadPoolAsynchronousRunner$PoolThread-#0" daemon [_thread_blocked, id=5947, stack(0x00007f6ccce94000,0x00007f6cccf95000)]
  0x0000000002a8e800 JavaThread "Timer-0" daemon [_thread_blocked, id=5946, stack(0x00007f6cccf95000,0x00007f6ccd096000)]
  0x0000000000c6e800 JavaThread "play-thread-1" [_thread_blocked, id=4070, stack(0x00007f6ccd3c6000,0x00007f6ccd4c7000)]
  0x0000000000b14800 JavaThread "DestroyJavaVM" [_thread_blocked, id=3879, stack(0x00007f6cd5bf8000,0x00007f6cd5cf9000)]
  0x0000000000d60000 JavaThread "New I/O server boss #1 ([id: 0x1de2d8db, /0:0:0:0:0:0:0:0:9000])" [_thread_in_native, id=3894, stack(0x00007f6ccd6c9000,0x00007f6ccd7ca000)]
  0x00007f6cc812a800 JavaThread "Service Thread" daemon [_thread_blocked, id=3890, stack(0x00007f6cce0b1000,0x00007f6cce1b2000)]
=>0x00007f6cc8128000 JavaThread "C2 CompilerThread1" daemon [_thread_in_native, id=3889, stack(0x00007f6cce1b2000,0x00007f6cce2b3000)]
  0x00007f6cc8125800 JavaThread "C2 CompilerThread0" daemon [_thread_blocked, id=3888, stack(0x00007f6cce2b3000,0x00007f6cce3b4000)]
  0x00007f6cc8123800 JavaThread "JDWP Event Helper Thread" daemon [_thread_blocked, id=3887, stack(0x00007f6cce3b4000,0x00007f6cce4b5000)]
  0x00007f6cc811f800 JavaThread "JDWP Transport Listener: dt_socket" daemon [_thread_in_native, id=3886, stack(0x00007f6cce4b5000,0x00007f6cce5b6000)]
  0x00007f6cc80ec000 JavaThread "Signal Dispatcher" daemon [_thread_blocked, id=3885, stack(0x00007f6cce7ba000,0x00007f6cce8bb000)]
  0x00007f6cc80a3000 JavaThread "Finalizer" daemon [_thread_blocked, id=3884, stack(0x00007f6cce8bb000,0x00007f6cce9bc000)]
  0x00007f6cc80a1000 JavaThread "Reference Handler" daemon [_thread_blocked, id=3883, stack(0x00007f6cce9bc000,0x00007f6cceabd000)]

Other Threads:
  0x00007f6cc8099800 VMThread [stack: 0x00007f6cceabd000,0x00007f6ccebbe000] [id=3882]
  0x00007f6cc812d800 WatcherThread [stack: 0x00007f6ccdfb0000,0x00007f6cce0b1000] [id=3891]

VM state:not at safepoint (normal execution)

VM Mutex/Monitor currently owned by a thread: None

Heap
 PSYoungGen      total 132544K, used 79610K [0x00000000f5560000, 0x0000000100000000, 0x0000000100000000)
  eden space 126080K, 58% used [0x00000000f5560000,0x00000000f9cd0d98,0x00000000fd080000)
  from space 6464K, 99% used [0x00000000fd080000,0x00000000fd6cdcd0,0x00000000fd6d0000)
  to   space 24704K, 0% used [0x00000000fe7e0000,0x00000000fe7e0000,0x0000000100000000)
 PSOldGen        total 349568K, used 256595K [0x00000000e0000000, 0x00000000f5560000, 0x00000000f5560000)
  object space 349568K, 73% used [0x00000000e0000000,0x00000000efa94d58,0x00000000f5560000)
 PSPermGen       total 262144K, used 70482K [0x00000000d0000000, 0x00000000e0000000, 0x00000000e0000000)
  object space 262144K, 26% used [0x00000000d0000000,0x00000000d44d49b8,0x00000000e0000000)

Code Cache  [0x00007f6ccf59e000, 0x00007f6cd004e000, 0x00007f6cd259e000)
 total_blobs=3707 nmethods=3060 adapters=604 free_code_cache=38331Kb largest_free_block=39133824

Dynamic libraries:
00400000-00401000 r-xp 00000000 08:11 5246122                            /home/detriusxiiuser/glassfish3/jdk7/bin/java
00600000-00601000 rw-p 00000000 08:11 5246122                            /home/detriusxiiuser/glassfish3/jdk7/bin/java
00b04000-032a7000 rw-p 00000000 00:00 0                                  [heap]
d0000000-100000000 rw-p 00000000 00:00 0 
7f6cc8000000-7f6ccbff9000 rw-p 00000000 00:00 0 
7f6ccbff9000-7f6ccc000000 ---p 00000000 00:00 0 
7f6ccc60e000-7f6ccc611000 ---p 00000000 00:00 0 
7f6ccc611000-7f6ccc70f000 rw-p 00000000 00:00 0 
7f6ccc70f000-7f6ccc712000 ---p 00000000 00:00 0 
7f6ccc712000-7f6ccc810000 rw-p 00000000 00:00 0 
7f6ccc810000-7f6ccc825000 r-xp 00000000 08:11 4462829                    /lib/x86_64-linux-gnu/libgcc_s.so.1
7f6ccc825000-7f6ccca24000 ---p 00015000 08:11 4462829                    /lib/x86_64-linux-gnu/libgcc_s.so.1
7f6ccca24000-7f6ccca25000 r--p 00014000 08:11 4462829                    /lib/x86_64-linux-gnu/libgcc_s.so.1
7f6ccca25000-7f6ccca26000 rw-p 00015000 08:11 4462829                    /lib/x86_64-linux-gnu/libgcc_s.so.1
7f6ccca48000-7f6ccca7a000 r-xp 00000000 08:11 5245998                    /home/detriusxiiuser/glassfish3/jdk7/jre/lib/amd64/libsunec.so
7f6ccca7a000-7f6cccc79000 ---p 00032000 08:11 5245998                    /home/detriusxiiuser/glassfish3/jdk7/jre/lib/amd64/libsunec.so
7f6cccc79000-7f6cccc7f000 rw-p 00031000 08:11 5245998                    /home/detriusxiiuser/glassfish3/jdk7/jre/lib/amd64/libsunec.so
7f6cccc7f000-7f6cccc8f000 rw-p 00000000 00:00 0 
7f6cccc8f000-7f6cccc92000 r--s 00018000 08:11 5245942                    /home/detriusxiiuser/glassfish3/jdk7/jre/lib/jce.jar
7f6cccc92000-7f6cccc95000 ---p 00000000 00:00 0 
7f6cccc95000-7f6cccd93000 rw-p 00000000 00:00 0 
7f6cccd93000-7f6cccd96000 ---p 00000000 00:00 0 
7f6cccd96000-7f6ccce94000 rw-p 00000000 00:00 0 
7f6ccce94000-7f6ccce97000 ---p 00000000 00:00 0 
7f6ccce97000-7f6cccf95000 rw-p 00000000 00:00 0 
7f6cccf95000-7f6cccf98000 ---p 00000000 00:00 0 
7f6cccf98000-7f6ccd096000 rw-p 00000000 00:00 0 
7f6ccd096000-7f6ccd09e000 r-xp 00000000 08:11 5246005                    /home/detriusxiiuser/glassfish3/jdk7/jre/lib/amd64/libmanagement.so
7f6ccd09e000-7f6ccd29d000 ---p 00008000 08:11 5246005                    /home/detriusxiiuser/glassfish3/jdk7/jre/lib/amd64/libmanagement.so
7f6ccd29d000-7f6ccd29e000 rw-p 00007000 08:11 5246005                    /home/detriusxiiuser/glassfish3/jdk7/jre/lib/amd64/libmanagement.so
7f6ccd29e000-7f6ccd2a1000 ---p 00000000 00:00 0 
7f6ccd2a1000-7f6ccd39f000 rw-p 00000000 00:00 0 
7f6ccd39f000-7f6ccd3a3000 r--s 00037000 08:11 5245933                    /home/detriusxiiuser/glassfish3/jdk7/jre/lib/ext/sunpkcs11.jar
7f6ccd3a3000-7f6ccd3a7000 r--s 0002d000 08:11 5245936                    /home/detriusxiiuser/glassfish3/jdk7/jre/lib/ext/sunjce_provider.jar
7f6ccd3a7000-7f6ccd3a9000 r--s 00001000 08:11 5245938                    /home/detriusxiiuser/glassfish3/jdk7/jre/lib/ext/dnsns.jar
7f6ccd3a9000-7f6ccd3aa000 r--s 00003000 08:11 5245934                    /home/detriusxiiuser/glassfish3/jdk7/jre/lib/ext/sunec.jar
7f6ccd3aa000-7f6ccd3ac000 r--s 0000f000 08:11 5245939                    /home/detriusxiiuser/glassfish3/jdk7/jre/lib/ext/zipfs.jar
7f6ccd3ac000-7f6ccd3b0000 r--s 000f6000 08:11 5245937                    /home/detriusxiiuser/glassfish3/jdk7/jre/lib/ext/localedata.jar
7f6ccd3b0000-7f6ccd3bb000 r--s 00370000 08:11 5245943                    /home/detriusxiiuser/glassfish3/jdk7/jre/lib/charsets.jar
7f6ccd3be000-7f6ccd3c2000 r--s 0001e000 08:11 3674062                    /home/detriusxiiuser/play-1.2.3/modules/scala-0.9.1/dlib/compiler-interface-bin-0.9.5.jar
7f6ccd3c2000-7f6ccd3c6000 r--s 00088000 08:11 5246095                    /home/detriusxiiuser/glassfish3/jdk7/jre/lib/jsse.jar
7f6ccd3c6000-7f6ccd3c9000 ---p 00000000 00:00 0 
7f6ccd3c9000-7f6ccd4c7000 rw-p 00000000 00:00 0 
7f6ccd4c7000-7f6ccd4ca000 ---p 00000000 00:00 0 
7f6ccd4ca000-7f6ccd5c8000 rw-p 00000000 00:00 0 
7f6ccd5c8000-7f6ccd5cb000 ---p 00000000 00:00 0 
7f6ccd5cb000-7f6ccd6c9000 rw-p 00000000 00:00 0 
7f6ccd6c9000-7f6ccd6cc000 ---p 00000000 00:00 0 
7f6ccd6cc000-7f6ccd7ca000 rw-p 00000000 00:00 0 
7f6ccd7ca000-7f6ccd7d3000 r--s 00254000 08:11 5245947                    /home/detriusxiiuser/glassfish3/jdk7/jre/lib/resources.jar
7f6ccd7d3000-7f6ccd7e8000 r-xp 00000000 08:11 5246022                    /home/detriusxiiuser/glassfish3/jdk7/jre/lib/amd64/libnet.so
7f6ccd7e8000-7f6ccd9e8000 ---p 00015000 08:11 5246022                    /home/detriusxiiuser/glassfish3/jdk7/jre/lib/amd64/libnet.so
7f6ccd9e8000-7f6ccd9e9000 rw-p 00015000 08:11 5246022                    /home/detriusxiiuser/glassfish3/jdk7/jre/lib/amd64/libnet.so
7f6ccd9e9000-7f6ccd9f9000 r-xp 00000000 08:11 5246013                    /home/detriusxiiuser/glassfish3/jdk7/jre/lib/amd64/libnio.so
7f6ccd9f9000-7f6ccdbf9000 ---p 00010000 08:11 5246013                    /home/detriusxiiuser/glassfish3/jdk7/jre/lib/amd64/libnio.so
7f6ccdbf9000-7f6ccdbfa000 rw-p 00010000 08:11 5246013                    /home/detriusxiiuser/glassfish3/jdk7/jre/lib/amd64/libnio.so
7f6ccdbfa000-7f6ccdbfc000 r--s 00001000 08:11 2759829                    /home/detriusxiiuser/play-1.2.3/framework/lib/jsr107cache-1.0.jar
7f6ccdbfc000-7f6ccdbfd000 r--s 00002000 08:11 2759843                    /home/detriusxiiuser/play-1.2.3/framework/lib/slf4j-log4j12-1.6.1.jar
7f6ccdbfd000-7f6ccdc04000 r--s 0006a000 08:11 2759834                    /home/detriusxiiuser/play-1.2.3/framework/lib/mail-1.4.3.jar
7f6ccdc04000-7f6ccdc07000 r--s 00022000 08:11 2759819                    /home/detriusxiiuser/play-1.2.3/framework/lib/jamon-2.7.jar
7f6ccdc07000-7f6ccdc30000 r--s 00403000 08:11 2759838                    /home/detriusxiiuser/play-1.2.3/framework/lib/org.eclipse.jdt.core-3.6.0.jar
7f6ccdc30000-7f6ccdc3b000 r--s 00124000 08:11 2759809                    /home/detriusxiiuser/play-1.2.3/framework/lib/h2-1.3.149.jar
7f6ccdc3b000-7f6ccdc8f000 r--s 00516000 08:11 2759807                    /home/detriusxiiuser/play-1.2.3/framework/lib/groovy-all-1.7.7.jar
7f6ccdc8f000-7f6ccdcb4000 r--s 00172000 08:11 2759791                    /home/detriusxiiuser/play-1.2.3/framework/lib/bcprov-jdk15-1.45.jar
7f6ccdcb4000-7f6ccdcb6000 r--s 00008000 08:11 2759841                    /home/detriusxiiuser/play-1.2.3/framework/lib/signpost-core-1.2.jar
7f6ccdcb6000-7f6ccdcc5000 r--s 00074000 08:11 2759827                    /home/detriusxiiuser/play-1.2.3/framework/lib/joda-time-1.6.jar
7f6ccdcc5000-7f6ccdcc6000 r--s 00000000 08:11 2759821                    /home/detriusxiiuser/play-1.2.3/framework/lib/javax.inject-1.0.jar
7f6ccdcc6000-7f6ccdcc8000 r--s 0000d000 08:11 2759798                    /home/detriusxiiuser/play-1.2.3/framework/lib/commons-fileupload-1.2.2.jar
7f6ccdcc8000-7f6ccdccb000 r--s 0000f000 08:11 2759806                    /home/detriusxiiuser/play-1.2.3/framework/lib/geronimo-servlet_2.5_spec-1.2.jar
7f6ccdccb000-7f6ccdcd1000 r--s 00034000 08:11 2759831                    /home/detriusxiiuser/play-1.2.3/framework/lib/junit-4.8.1.jar
7f6ccdcd1000-7f6ccdcdc000 r--s 0005a000 08:11 2759845                    /home/detriusxiiuser/play-1.2.3/framework/lib/xstream-1.3.jar
7f6ccdcdc000-7f6ccdce1000 r--s 0002e000 08:11 2759789                    /home/detriusxiiuser/play-1.2.3/framework/lib/asm-all-3.3.1.jar
7f6ccdce1000-7f6ccdce4000 r--s 0000f000 08:11 2759811                    /home/detriusxiiuser/play-1.2.3/framework/lib/hibernate-commons-annotations-3.2.0.Final.jar
7f6ccdce4000-7f6ccdd16000 r--s 002c7000 08:11 2759813                    /home/detriusxiiuser/play-1.2.3/framework/lib/hibernate-core-3.6.1.Final.jar
7f6ccdd16000-7f6ccdd18000 r--s 0000e000 08:11 2759800                    /home/detriusxiiuser/play-1.2.3/framework/lib/commons-javaflow-1066591.jar
7f6ccdd18000-7f6ccdd27000 r--s 000b2000 08:11 2759837                    /home/detriusxiiuser/play-1.2.3/framework/lib/netty-3.2.4.Final.jar
7f6ccdd27000-7f6ccdd2c000 r--s 00034000 08:11 2759794                    /home/detriusxiiuser/play-1.2.3/framework/lib/commons-beanutils-1.8.3.jar
7f6ccdd2c000-7f6ccdd32000 r--s 00038000 08:11 2759844                    /home/detriusxiiuser/play-1.2.3/framework/lib/snakeyaml-1.7.jar
7f6ccdd32000-7f6ccdd36000 r--s 00027000 08:11 2759808                    /home/detriusxiiuser/play-1.2.3/framework/lib/gson-1.7.1.jar
7f6ccdd36000-7f6ccdd3d000 r--s 00059000 08:11 2759833                    /home/detriusxiiuser/play-1.2.3/framework/lib/log4j-1.2.15.jar
7f6ccdd3d000-7f6ccdd3f000 r--s 00015000 08:11 2759828                    /home/detriusxiiuser/play-1.2.3/framework/lib/jregex-1.2_01.jar
7f6ccdd3f000-7f6ccdd44000 r--s 00041000 08:11 2759801                    /home/detriusxiiuser/play-1.2.3/framework/lib/commons-lang-2.6.jar
7f6ccdd44000-7f6ccdd45000 r--s 00007000 08:11 2759797                    /home/detriusxiiuser/play-1.2.3/framework/lib/commons-email-1.2.jar
7f6ccdd45000-7f6ccdd4b000 r--s 00049000 08:11 2759793                    /home/detriusxiiuser/play-1.2.3/framework/lib/cglib-nodep-2.2.jar
7f6ccdd4b000-7f6ccdd51000 r--s 00049000 08:11 2759790                    /home/detriusxiiuser/play-1.2.3/framework/lib/async-http-client-1.6.3.jar
7f6ccdd51000-7f6ccdd5c000 r--s 0008b000 08:11 2759792                    /home/detriusxiiuser/play-1.2.3/framework/lib/c3p0-0.9.1.2.jar
7f6ccdd5c000-7f6ccdd6a000 r--s 0007f000 08:11 2759796                    /home/detriusxiiuser/play-1.2.3/framework/lib/commons-collections-3.2.1.jar
7f6ccdd6a000-7f6ccdd6c000 r--s 0000b000 08:11 2759825                    /home/detriusxiiuser/play-1.2.3/framework/lib/jj-textile.jar
7f6ccdd6c000-7f6ccdd73000 r--s 00038000 08:11 2759826                    /home/detriusxiiuser/play-1.2.3/framework/lib/jj-wikitext.jar
7f6ccdd73000-7f6ccdd7b000 r--s 0008a000 08:11 2759820                    /home/detriusxiiuser/play-1.2.3/framework/lib/javassist-3.9.0.GA.jar
7f6ccdd7b000-7f6ccdd7d000 r--s 00005000 08:11 2759842                    /home/detriusxiiuser/play-1.2.3/framework/lib/slf4j-api-1.6.1.jar
7f6ccdd7d000-7f6ccdd84000 r--s 00049000 08:11 2759839                    /home/detriusxiiuser/play-1.2.3/framework/lib/oval-1.50.jar
7f6ccdd84000-7f6ccdd89000 r--s 00014000 08:11 2759817                    /home/detriusxiiuser/play-1.2.3/framework/lib/hibernate-jpa-2.0-api-1.0.0.Final.jar
7f6ccdd89000-7f6ccdd92000 r--s 0005d000 08:11 2759815                    /home/detriusxiiuser/play-1.2.3/framework/lib/hibernate-entitymanager-3.6.0.Final.jar
7f6ccdd92000-7f6ccdd95000 r--s 00011000 08:11 2759805                    /home/detriusxiiuser/play-1.2.3/framework/lib/ezmorph-1.0.3.jar
7f6ccdd95000-7f6ccdd9b000 r--s 00067000 08:11 2759788                    /home/detriusxiiuser/play-1.2.3/framework/lib/antlr-2.7.6.jar
7f6ccdd9b000-7f6ccdd9d000 r--s 00015000 08:11 2759824                    /home/detriusxiiuser/play-1.2.3/framework/lib/jj-simplecaptcha.jar
7f6ccdd9d000-7f6ccdd9f000 r--s 0000d000 08:11 2759795                    /home/detriusxiiuser/play-1.2.3/framework/lib/commons-codec-1.4.jar
7f6ccdd9f000-7f6ccdda5000 r--s 00040000 08:11 2759835                    /home/detriusxiiuser/play-1.2.3/framework/lib/memcached-2.6.jar
7f6ccdda5000-7f6ccdda7000 r--s 0000d000 08:11 2759802                    /home/detriusxiiuser/play-1.2.3/framework/lib/commons-logging-1.1.1.jar
7f6ccdda7000-7f6ccddb6000 r--s 000d9000 08:11 2759818                    /home/detriusxiiuser/play-1.2.3/framework/lib/ivy-2.2.0.jar
7f6ccddb6000-7f6ccddb8000 r--s 0000c000 08:11 2759787                    /home/detriusxiiuser/play-1.2.3/framework/lib/activation-1.1.1.jar
7f6ccddb8000-7f6ccddc2000 r--s 0006f000 08:11 2759804                    /home/detriusxiiuser/play-1.2.3/framework/lib/ehcache-core-2.0.0.jar
7f6ccddc2000-7f6ccddc5000 r--s 00024000 08:11 2759799                    /home/detriusxiiuser/play-1.2.3/framework/lib/commons-io-2.0.1.jar
7f6ccddc5000-7f6ccddcb000 r--s 00032000 08:11 2759822                    /home/detriusxiiuser/play-1.2.3/framework/lib/jaxen-1.1.jar
7f6ccddcb000-7f6ccddcd000 r--s 00002000 08:11 2759830                    /home/detriusxiiuser/play-1.2.3/framework/lib/jta-1.1.jar
7f6ccddcd000-7f6ccddd3000 r--s 0007e000 08:11 2759840                    /home/detriusxiiuser/play-1.2.3/framework/lib/postgresql-9.0.jar
7f6ccddd3000-7f6ccddd8000 r--s 00020000 08:11 2759823                    /home/detriusxiiuser/play-1.2.3/framework/lib/jj-imaging.jar
7f6ccddd8000-7f6ccdddf000 r--s 000b7000 08:11 2759836                    /home/detriusxiiuser/play-1.2.3/framework/lib/mysql-connector-java-5.1.13.jar
7f6ccdddf000-7f6ccdde4000 r--s 00048000 08:11 2759803                    /home/detriusxiiuser/play-1.2.3/framework/lib/dom4j-1.6.1.jar
7f6ccdde4000-7f6ccdde5000 r--s 00001000 08:11 4986498                    /home/detriusxiiuser/play-1.2.3/modules/scala-0.9.1/lib/launcher-interface-0.9.5.jar
7f6ccdde5000-7f6ccdde7000 r--s 0000d000 08:11 4986508                    /home/detriusxiiuser/play-1.2.3/modules/scala-0.9.1/lib/play-scala-compiler.jar
7f6ccdde7000-7f6ccde05000 r--s 00196000 08:11 4986522                    /home/detriusxiiuser/play-1.2.3/modules/scala-0.9.1/lib/scalatest-1.2-for-scala-2.8.0.RC7-SNAPSHOT.jar
7f6ccde05000-7f6ccde08000 r--s 0000f000 08:11 4986526                    /home/detriusxiiuser/play-1.2.3/modules/scala-0.9.1/lib/testing_2.8.1-0.9.5.jar
7f6ccde08000-7f6ccde09000 r--s 00002000 08:11 4986489                    /home/detriusxiiuser/play-1.2.3/modules/scala-0.9.1/lib/control_2.8.1-0.9.5.jar
7f6ccde09000-7f6ccde0d000 r--s 00028000 08:11 4986484                    /home/detriusxiiuser/play-1.2.3/modules/scala-0.9.1/lib/collections_2.8.1-0.9.5.jar
7f6ccde0d000-7f6ccdea8000 r--s 007f7000 08:11 4986520                    /home/detriusxiiuser/play-1.2.3/modules/scala-0.9.1/lib/scala-compiler.jar
7f6ccdea8000-7f6ccdeaf000 r--s 00044000 08:11 4986480                    /home/detriusxiiuser/play-1.2.3/modules/scala-0.9.1/lib/api_2.8.1-0.9.5.jar
7f6ccdeaf000-7f6ccdeb2000 r--s 0001b000 08:11 4986523                    /home/detriusxiiuser/play-1.2.3/modules/scala-0.9.1/lib/task-system_2.8.1-0.9.5.jar
7f6ccdeb2000-7f6ccdeb4000 r--s 00019000 08:11 4986481                    /home/detriusxiiuser/play-1.2.3/modules/scala-0.9.1/lib/cache_2.8.1-0.9.5.jar
7f6ccdeb4000-7f6ccdeba000 r--s 00044000 08:11 4986497                    /home/detriusxiiuser/play-1.2.3/modules/scala-0.9.1/lib/launcher-0.9.5.jar
7f6ccdeba000-7f6ccdebd000 r--s 00019000 08:11 4986507                    /home/detriusxiiuser/play-1.2.3/modules/scala-0.9.1/lib/persist_2.8.1-0.9.5.jar
7f6ccdebd000-7f6ccdec0000 r--s 00012000 08:11 4986514                    /home/detriusxiiuser/play-1.2.3/modules/scala-0.9.1/lib/run_2.8.1-0.9.5.jar
7f6ccdec0000-7f6ccdec6000 r--s 0003e000 08:11 4986494                    /home/detriusxiiuser/play-1.2.3/modules/scala-0.9.1/lib/io_2.8.1-0.9.5.jar
7f6ccdec6000-7f6ccdecb000 r--s 0002f000 08:11 4986487                    /home/detriusxiiuser/play-1.2.3/modules/scala-0.9.1/lib/configgy-2.0.2-nologgy.jar
7f6ccdecb000-7f6ccdecf000 r--s 00020000 08:11 4986491                    /home/detriusxiiuser/play-1.2.3/modules/scala-0.9.1/lib/incremental-compiler_2.8.1-0.9.5.jar
7f6ccdecf000-7f6ccded0000 r--s 00003000 08:11 4986516                    /home/detriusxiiuser/play-1.2.3/modules/scala-0.9.1/lib/sbt_2.8.1-0.9.5.jar
7f6ccded0000-7f6ccded2000 r--s 00012000 08:11 4986482                    /home/detriusxiiuser/play-1.2.3/modules/scala-0.9.1/lib/classfile_2.8.1-0.9.5.jar
7f6ccded2000-7f6ccded7000 r--s 00035000 08:11 4986478                    /home/detriusxiiuser/play-1.2.3/modules/scala-0.9.1/lib/actions_2.8.1-0.9.5.jar
7f6ccded7000-7f6ccdedb000 r--s 00021000 08:11 4986515                    /home/detriusxiiuser/play-1.2.3/modules/scala-0.9.1/lib/sbinary_2.8.0-0.3.1.jar
7f6ccdedb000-7f6ccdf3a000 r--s 005d3000 08:11 4986521                    /home/detriusxiiuser/play-1.2.3/modules/scala-0.9.1/lib/scala-library.jar
7f6ccdf3a000-7f6ccdf4d000 r--s 000d6000 08:11 4986509                    /home/detriusxiiuser/play-1.2.3/modules/scala-0.9.1/lib/play-scala.jar
7f6ccdf4d000-7f6ccdf4f000 r--s 00009000 08:11 4986527                    /home/detriusxiiuser/play-1.2.3/modules/scala-0.9.1/lib/tracking_2.8.1-0.9.5.jar
7f6ccdf4f000-7f6ccdf57000 r--s 0005e000 08:11 4986496                    /home/detriusxiiuser/play-1.2.3/modules/scala-0.9.1/lib/ivy_2.8.1-0.9.5.jar
7f6ccdf57000-7f6ccdf5d000 r--s 0003f000 08:11 4986486                    /home/detriusxiiuser/play-1.2.3/modules/scala-0.9.1/lib/completion_2.8.1-0.9.5.jar
7f6ccdf5d000-7f6ccdf61000 r--s 00018000 08:11 4986510                    /home/detriusxiiuser/play-1.2.3/modules/scala-0.9.1/lib/process_2.8.1-0.9.5.jar
7f6ccdf61000-7f6ccdf70000 r--s 000d9000 08:11 4986495                    /home/detriusxiiuser/play-1.2.3/modules/scala-0.9.1/lib/ivy-2.2.0.jar
7f6ccdf70000-7f6ccdf7d000 r--s 000c2000 08:11 4986479                    /home/detriusxiiuser/play-1.2.3/modules/scala-0.9.1/lib/akka-actor-1.0.jar
7f6ccdf7d000-7f6ccdf95000 r--s 0012c000 08:11 4986506                    /home/detriusxiiuser/play-1.2.3/modules/scala-0.9.1/lib/main_2.8.1-0.9.5.jar
7f6ccdf95000-7f6ccdfb0000 r--s 003e9000 08:11 2760759                    /home/detriusxiiuser/Documents/PlayInScala/lib/Squeryl.jar
7f6ccdfb0000-7f6ccdfb1000 ---p 00000000 00:00 0 
7f6ccdfb1000-7f6cce0b1000 rw-p 00000000 00:00 0 
7f6cce0b1000-7f6cce0b4000 ---p 00000000 00:00 0 
7f6cce0b4000-7f6cce1b2000 rw-p 00000000 00:00 0 
7f6cce1b2000-7f6cce1b5000 ---p 00000000 00:00 0 
7f6cce1b5000-7f6cce2b3000 rw-p 00000000 00:00 0 
7f6cce2b3000-7f6cce2b6000 ---p 00000000 00:00 0 
7f6cce2b6000-7f6cce3b4000 rw-p 00000000 00:00 0 
7f6cce3b4000-7f6cce3b7000 ---p 00000000 00:00 0 
7f6cce3b7000-7f6cce4b5000 rw-p 00000000 00:00 0 
7f6cce4b5000-7f6cce4b8000 ---p 00000000 00:00 0 
7f6cce4b8000-7f6cce5b6000 rw-p 00000000 00:00 0 
7f6cce5b6000-7f6cce5ba000 r-xp 00000000 08:11 5246017                    /home/detriusxiiuser/glassfish3/jdk7/jre/lib/amd64/libdt_socket.so
7f6cce5ba000-7f6cce7b9000 ---p 00004000 08:11 5246017                    /home/detriusxiiuser/glassfish3/jdk7/jre/lib/amd64/libdt_socket.so
7f6cce7b9000-7f6cce7ba000 rw-p 00003000 08:11 5246017                    /home/detriusxiiuser/glassfish3/jdk7/jre/lib/amd64/libdt_socket.so
7f6cce7ba000-7f6cce7bd000 ---p 00000000 00:00 0 
7f6cce7bd000-7f6cce8bb000 rw-p 00000000 00:00 0 
7f6cce8bb000-7f6cce8be000 ---p 00000000 00:00 0 
7f6cce8be000-7f6cce9bc000 rw-p 00000000 00:00 0 
7f6cce9bc000-7f6cce9bf000 ---p 00000000 00:00 0 
7f6cce9bf000-7f6cceabd000 rw-p 00000000 00:00 0 
7f6cceabd000-7f6cceabe000 ---p 00000000 00:00 0 
7f6cceabe000-7f6ccef31000 rw-p 00000000 00:00 0 
7f6ccef31000-7f6ccf0f0000 r--s 039fa000 08:11 5245971                    /home/detriusxiiuser/glassfish3/jdk7/jre/lib/rt.jar
7f6ccf0f0000-7f6ccf0f1000 ---p 00000000 00:00 0 
7f6ccf0f1000-7f6ccf1f1000 rw-p 00000000 00:00 0 
7f6ccf1f1000-7f6ccf1f2000 ---p 00000000 00:00 0 
7f6ccf1f2000-7f6ccf49d000 rw-p 00000000 00:00 0 
7f6ccf49d000-7f6ccf59e000 rw-p 00000000 00:00 0 
7f6ccf59e000-7f6cd004e000 rwxp 00000000 00:00 0 
7f6cd004e000-7f6cd259e000 rw-p 00000000 00:00 0 
7f6cd259e000-7f6cd25b8000 r-xp 00000000 08:11 5246045                    /home/detriusxiiuser/glassfish3/jdk7/jre/lib/amd64/libzip.so
7f6cd25b8000-7f6cd27b8000 ---p 0001a000 08:11 5246045                    /home/detriusxiiuser/glassfish3/jdk7/jre/lib/amd64/libzip.so
7f6cd27b8000-7f6cd27b9000 rw-p 0001a000 08:11 5246045                    /home/detriusxiiuser/glassfish3/jdk7/jre/lib/amd64/libzip.so
7f6cd27b9000-7f6cd27c5000 r-xp 00000000 08:11 4462843                    /lib/x86_64-linux-gnu/libnss_files-2.13.so
7f6cd27c5000-7f6cd29c4000 ---p 0000c000 08:11 4462843                    /lib/x86_64-linux-gnu/libnss_files-2.13.so
7f6cd29c4000-7f6cd29c5000 r--p 0000b000 08:11 4462843                    /lib/x86_64-linux-gnu/libnss_files-2.13.so
7f6cd29c5000-7f6cd29c6000 rw-p 0000c000 08:11 4462843                    /lib/x86_64-linux-gnu/libnss_files-2.13.so
7f6cd29c6000-7f6cd29d0000 r-xp 00000000 08:11 4462851                    /lib/x86_64-linux-gnu/libnss_nis-2.13.so
7f6cd29d0000-7f6cd2bd0000 ---p 0000a000 08:11 4462851                    /lib/x86_64-linux-gnu/libnss_nis-2.13.so
7f6cd2bd0000-7f6cd2bd1000 r--p 0000a000 08:11 4462851                    /lib/x86_64-linux-gnu/libnss_nis-2.13.so
7f6cd2bd1000-7f6cd2bd2000 rw-p 0000b000 08:11 4462851                    /lib/x86_64-linux-gnu/libnss_nis-2.13.so
7f6cd2bd2000-7f6cd2be9000 r-xp 00000000 08:11 4462838                    /lib/x86_64-linux-gnu/libnsl-2.13.so
7f6cd2be9000-7f6cd2de8000 ---p 00017000 08:11 4462838                    /lib/x86_64-linux-gnu/libnsl-2.13.so
7f6cd2de8000-7f6cd2de9000 r--p 00016000 08:11 4462838                    /lib/x86_64-linux-gnu/libnsl-2.13.so
7f6cd2de9000-7f6cd2dea000 rw-p 00017000 08:11 4462838                    /lib/x86_64-linux-gnu/libnsl-2.13.so
7f6cd2dea000-7f6cd2dec000 rw-p 00000000 00:00 0 
7f6cd2dec000-7f6cd2df4000 r-xp 00000000 08:11 4462835                    /lib/x86_64-linux-gnu/libnss_compat-2.13.so
7f6cd2df4000-7f6cd2ff3000 ---p 00008000 08:11 4462835                    /lib/x86_64-linux-gnu/libnss_compat-2.13.so
7f6cd2ff3000-7f6cd2ff4000 r--p 00007000 08:11 4462835                    /lib/x86_64-linux-gnu/libnss_compat-2.13.so
7f6cd2ff4000-7f6cd2ff5000 rw-p 00008000 08:11 4462835                    /lib/x86_64-linux-gnu/libnss_compat-2.13.so
7f6cd2ff5000-7f6cd3579000 r--p 00000000 08:11 655503                     /usr/lib/locale/locale-archive
7f6cd3579000-7f6cd357c000 r-xp 00000000 08:11 5246018                    /home/detriusxiiuser/glassfish3/jdk7/jre/lib/amd64/libnpt.so
7f6cd357c000-7f6cd377b000 ---p 00003000 08:11 5246018                    /home/detriusxiiuser/glassfish3/jdk7/jre/lib/amd64/libnpt.so
7f6cd377b000-7f6cd377c000 rw-p 00002000 08:11 5246018                    /home/detriusxiiuser/glassfish3/jdk7/jre/lib/amd64/libnpt.so
7f6cd377c000-7f6cd3786000 r-xp 00000000 08:11 5246009                    /home/detriusxiiuser/glassfish3/jdk7/jre/lib/amd64/libinstrument.so
7f6cd3786000-7f6cd3985000 ---p 0000a000 08:11 5246009                    /home/detriusxiiuser/glassfish3/jdk7/jre/lib/amd64/libinstrument.so
7f6cd3985000-7f6cd3986000 rw-p 00009000 08:11 5246009                    /home/detriusxiiuser/glassfish3/jdk7/jre/lib/amd64/libinstrument.so
7f6cd3986000-7f6cd39bf000 r-xp 00000000 08:11 5246040                    /home/detriusxiiuser/glassfish3/jdk7/jre/lib/amd64/libjdwp.so
7f6cd39bf000-7f6cd3bbe000 ---p 00039000 08:11 5246040                    /home/detriusxiiuser/glassfish3/jdk7/jre/lib/amd64/libjdwp.so
7f6cd3bbe000-7f6cd3bc0000 rw-p 00038000 08:11 5246040                    /home/detriusxiiuser/glassfish3/jdk7/jre/lib/amd64/libjdwp.so
7f6cd3bc0000-7f6cd3be9000 r-xp 00000000 08:11 5246036                    /home/detriusxiiuser/glassfish3/jdk7/jre/lib/amd64/libjava.so
7f6cd3be9000-7f6cd3de9000 ---p 00029000 08:11 5246036                    /home/detriusxiiuser/glassfish3/jdk7/jre/lib/amd64/libjava.so
7f6cd3de9000-7f6cd3deb000 rw-p 00029000 08:11 5246036                    /home/detriusxiiuser/glassfish3/jdk7/jre/lib/amd64/libjava.so
7f6cd3deb000-7f6cd3dfa000 r-xp 00000000 08:11 5246019                    /home/detriusxiiuser/glassfish3/jdk7/jre/lib/amd64/libverify.so
7f6cd3dfa000-7f6cd3ff9000 ---p 0000f000 08:11 5246019                    /home/detriusxiiuser/glassfish3/jdk7/jre/lib/amd64/libverify.so
7f6cd3ff9000-7f6cd3ffb000 rw-p 0000e000 08:11 5246019                    /home/detriusxiiuser/glassfish3/jdk7/jre/lib/amd64/libverify.so
7f6cd3ffb000-7f6cd4002000 r-xp 00000000 08:11 4456685                    /lib/x86_64-linux-gnu/librt-2.13.so
7f6cd4002000-7f6cd4201000 ---p 00007000 08:11 4456685                    /lib/x86_64-linux-gnu/librt-2.13.so
7f6cd4201000-7f6cd4202000 r--p 00006000 08:11 4456685                    /lib/x86_64-linux-gnu/librt-2.13.so
7f6cd4202000-7f6cd4203000 rw-p 00007000 08:11 4456685                    /lib/x86_64-linux-gnu/librt-2.13.so
7f6cd4203000-7f6cd4286000 r-xp 00000000 08:11 4463573                    /lib/x86_64-linux-gnu/libm-2.13.so
7f6cd4286000-7f6cd4485000 ---p 00083000 08:11 4463573                    /lib/x86_64-linux-gnu/libm-2.13.so
7f6cd4485000-7f6cd4486000 r--p 00082000 08:11 4463573                    /lib/x86_64-linux-gnu/libm-2.13.so
7f6cd4486000-7f6cd4487000 rw-p 00083000 08:11 4463573                    /lib/x86_64-linux-gnu/libm-2.13.so
7f6cd4487000-7f6cd4e57000 r-xp 00000000 08:11 5246031                    /home/detriusxiiuser/glassfish3/jdk7/jre/lib/amd64/server/libjvm.so
7f6cd4e57000-7f6cd5057000 ---p 009d0000 08:11 5246031                    /home/detriusxiiuser/glassfish3/jdk7/jre/lib/amd64/server/libjvm.so
7f6cd5057000-7f6cd50f2000 rw-p 009d0000 08:11 5246031                    /home/detriusxiiuser/glassfish3/jdk7/jre/lib/amd64/server/libjvm.so
7f6cd50f2000-7f6cd512b000 rw-p 00000000 00:00 0 
7f6cd512b000-7f6cd52c0000 r-xp 00000000 08:11 4462840                    /lib/x86_64-linux-gnu/libc-2.13.so
7f6cd52c0000-7f6cd54bf000 ---p 00195000 08:11 4462840                    /lib/x86_64-linux-gnu/libc-2.13.so
7f6cd54bf000-7f6cd54c3000 r--p 00194000 08:11 4462840                    /lib/x86_64-linux-gnu/libc-2.13.so
7f6cd54c3000-7f6cd54c4000 rw-p 00198000 08:11 4462840                    /lib/x86_64-linux-gnu/libc-2.13.so
7f6cd54c4000-7f6cd54ca000 rw-p 00000000 00:00 0 
7f6cd54ca000-7f6cd54cc000 r-xp 00000000 08:11 4462841                    /lib/x86_64-linux-gnu/libdl-2.13.so
7f6cd54cc000-7f6cd56cc000 ---p 00002000 08:11 4462841                    /lib/x86_64-linux-gnu/libdl-2.13.so
7f6cd56cc000-7f6cd56cd000 r--p 00002000 08:11 4462841                    /lib/x86_64-linux-gnu/libdl-2.13.so
7f6cd56cd000-7f6cd56ce000 rw-p 00003000 08:11 4462841                    /lib/x86_64-linux-gnu/libdl-2.13.so
7f6cd56ce000-7f6cd56e4000 r-xp 00000000 08:11 5246001                    /home/detriusxiiuser/glassfish3/jdk7/jre/lib/amd64/jli/libjli.so
7f6cd56e4000-7f6cd58e3000 ---p 00016000 08:11 5246001                    /home/detriusxiiuser/glassfish3/jdk7/jre/lib/amd64/jli/libjli.so
7f6cd58e3000-7f6cd58e4000 rw-p 00015000 08:11 5246001                    /home/detriusxiiuser/glassfish3/jdk7/jre/lib/amd64/jli/libjli.so
7f6cd58e4000-7f6cd58fc000 r-xp 00000000 08:11 4462848                    /lib/x86_64-linux-gnu/libpthread-2.13.so
7f6cd58fc000-7f6cd5afb000 ---p 00018000 08:11 4462848                    /lib/x86_64-linux-gnu/libpthread-2.13.so
7f6cd5afb000-7f6cd5afc000 r--p 00017000 08:11 4462848                    /lib/x86_64-linux-gnu/libpthread-2.13.so
7f6cd5afc000-7f6cd5afd000 rw-p 00018000 08:11 4462848                    /lib/x86_64-linux-gnu/libpthread-2.13.so
7f6cd5afd000-7f6cd5b01000 rw-p 00000000 00:00 0 
7f6cd5b01000-7f6cd5b22000 r-xp 00000000 08:11 4462847                    /lib/x86_64-linux-gnu/ld-2.13.so
7f6cd5b22000-7f6cd5b24000 r--s 00010000 08:11 4986483                    /home/detriusxiiuser/play-1.2.3/modules/scala-0.9.1/lib/classpath_2.8.1-0.9.5.jar
7f6cd5b24000-7f6cd5b25000 r--s 00003000 08:11 4986528                    /home/detriusxiiuser/play-1.2.3/modules/scala-0.9.1/lib/uuid-3.2.jar
7f6cd5b25000-7f6cd5b28000 r--s 00015000 08:11 4986524                    /home/detriusxiiuser/play-1.2.3/modules/scala-0.9.1/lib/tasks_2.8.1-0.9.5.jar
7f6cd5b28000-7f6cd5b2b000 r--s 00019000 08:11 4986485                    /home/detriusxiiuser/play-1.2.3/modules/scala-0.9.1/lib/compile_2.8.1-0.9.5.jar
7f6cd5b2b000-7f6cd5b2e000 r--s 0000e000 08:11 4986499                    /home/detriusxiiuser/play-1.2.3/modules/scala-0.9.1/lib/logging_2.8.1-0.9.5.jar
7f6cd5b2e000-7f6cd5b30000 r--s 00000000 08:11 4986525                    /home/detriusxiiuser/play-1.2.3/modules/scala-0.9.1/lib/test-interface-0.5.jar
7f6cd5b30000-7f6cd5b32000 r--s 00007000 08:11 4986492                    /home/detriusxiiuser/play-1.2.3/modules/scala-0.9.1/lib/interface-0.9.5.jar
7f6cd5b32000-7f6cd5b38000 r--s 0007e000 08:11 2760758                    /home/detriusxiiuser/Documents/PlayInScala/lib/postgresql-8.4-702.jdbc4.jar
7f6cd5b38000-7f6cd5b63000 rw-p 00000000 00:00 0 
7f6cd5b63000-7f6cd5bf8000 rw-p 00000000 00:00 0 
7f6cd5bf8000-7f6cd5bfb000 ---p 00000000 00:00 0 
7f6cd5bfb000-7f6cd5cfd000 rw-p 00000000 00:00 0 
7f6cd5cfd000-7f6cd5cff000 r--s 00004000 08:11 4986490                    /home/detriusxiiuser/play-1.2.3/modules/scala-0.9.1/lib/discovery_2.8.1-0.9.5.jar
7f6cd5cff000-7f6cd5d01000 r--s 00022000 08:11 2756450                    /home/detriusxiiuser/Documents/PlayInScala/lib/SquerylJdip.jar
7f6cd5d01000-7f6cd5d08000 r--s 00040000 08:11 2760757                    /home/detriusxiiuser/Documents/PlayInScala/lib/cglib-2.2.2.jar
7f6cd5d08000-7f6cd5d09000 r--s 0000a000 08:11 2760190                    /home/detriusxiiuser/Documents/PlayInScala/lib/asm-3.3.1.jar
7f6cd5d09000-7f6cd5d0a000 rw-p 00000000 00:00 0 
7f6cd5d0a000-7f6cd5d15000 r--s 000b8000 08:11 2759849                    /home/detriusxiiuser/play-1.2.3/framework/play-1.2.3.jar
7f6cd5d15000-7f6cd5d1d000 rw-s 00000000 08:11 2622147                    /tmp/hsperfdata_detriusxiiuser/3878
7f6cd5d1d000-7f6cd5d1e000 rw-p 00000000 00:00 0 
7f6cd5d1e000-7f6cd5d1f000 r--p 00000000 00:00 0 
7f6cd5d1f000-7f6cd5d21000 rw-p 00000000 00:00 0 
7f6cd5d21000-7f6cd5d22000 r--p 00020000 08:11 4462847                    /lib/x86_64-linux-gnu/ld-2.13.so
7f6cd5d22000-7f6cd5d24000 rw-p 00021000 08:11 4462847                    /lib/x86_64-linux-gnu/ld-2.13.so
7fffc281f000-7fffc2842000 rw-p 00000000 00:00 0                          [stack]
7fffc2981000-7fffc2982000 r-xp 00000000 00:00 0                          [vdso]
ffffffffff600000-ffffffffff601000 r-xp 00000000 00:00 0                  [vsyscall]

VM Arguments:
jvm_args: -javaagent:/home/detriusxiiuser/play-1.2.3/framework/play-1.2.3.jar -Xms512m -Xmx512m -XX:PermSize=256m -XX:MaxPermSize=256m -Dfile.encoding=utf-8 -Xdebug -Xrunjdwp:transport=dt_socket,address=8000,server=y,suspend=n -Dplay.debug=yes -Dapplication.path=/home/detriusxiiuser/Documents/PlayInScala -Dplay.id= 
java_command: play.server.Server 
Launcher Type: SUN_STANDARD

Environment Variables:
JAVA_HOME=/home/detriusxiiuser/glassfish3/jdk7
PATH=/home/detriusxiiuser/glassfish3/jdk7/bin:/home/detriusxiiuser/play-1.2.3:/home/detriusxiiuser/scala2.8.2/bin:/usr/lib/lightdm/lightdm:/usr/local/sbin:/usr/local/bin:/usr/sbin:/usr/bin:/sbin:/bin:/usr/games
USERNAME=detriusxiiuser
SHELL=/bin/bash
DISPLAY=:0

Signal Handlers:
SIGSEGV: [libjvm.so+0x84be70], sa_mask[0]=0x7ffbfeff, sa_flags=0x10000004
SIGBUS: [libjvm.so+0x84be70], sa_mask[0]=0x7ffbfeff, sa_flags=0x10000004
SIGFPE: [libjvm.so+0x6f3820], sa_mask[0]=0x7ffbfeff, sa_flags=0x10000004
SIGPIPE: [libjvm.so+0x6f3820], sa_mask[0]=0x7ffbfeff, sa_flags=0x10000004
SIGXFSZ: [libjvm.so+0x6f3820], sa_mask[0]=0x7ffbfeff, sa_flags=0x10000004
SIGILL: [libjvm.so+0x6f3820], sa_mask[0]=0x7ffbfeff, sa_flags=0x10000004
SIGUSR1: SIG_DFL, sa_mask[0]=0x00000000, sa_flags=0x00000000
SIGUSR2: [libjvm.so+0x6f3190], sa_mask[0]=0x00000000, sa_flags=0x10000004
SIGHUP: [libjvm.so+0x6f5650], sa_mask[0]=0x7ffbfeff, sa_flags=0x10000004
SIGINT: [libjvm.so+0x6f5650], sa_mask[0]=0x7ffbfeff, sa_flags=0x10000004
SIGTERM: [libjvm.so+0x6f5650], sa_mask[0]=0x7ffbfeff, sa_flags=0x10000004
SIGQUIT: [libjvm.so+0x6f5650], sa_mask[0]=0x7ffbfeff, sa_flags=0x10000004


---------------  S Y S T E M  ---------------

OS:wheezy/sid

uname:Linux 3.0.0-16-generic #28-Ubuntu SMP Fri Jan 27 17:44:39 UTC 2012 x86_64
libc:glibc 2.13 NPTL 2.13 
rlimit: STACK 8192k, CORE 0k, NPROC 63886, NOFILE 4096, AS infinity
load average:0.02 0.06 0.07

/proc/meminfo:
MemTotal:        8195312 kB
MemFree:         4893104 kB
Buffers:           50876 kB
Cached:           443852 kB
SwapCached:       126408 kB
Active:          2143164 kB
Inactive:         824756 kB
Active(anon):    2001028 kB
Inactive(anon):   487976 kB
Active(file):     142136 kB
Inactive(file):   336780 kB
Unevictable:          52 kB
Mlocked:              52 kB
SwapTotal:       6384636 kB
SwapFree:        5494396 kB
Dirty:               380 kB
Writeback:             0 kB
AnonPages:       2402368 kB
Mapped:           118176 kB
Shmem:             15608 kB
Slab:              88996 kB
SReclaimable:      59344 kB
SUnreclaim:        29652 kB
KernelStack:        4072 kB
PageTables:        48104 kB
NFS_Unstable:          0 kB
Bounce:                0 kB
WritebackTmp:          0 kB
CommitLimit:    10482292 kB
Committed_AS:    6658460 kB
VmallocTotal:   34359738367 kB
VmallocUsed:      353780 kB
VmallocChunk:   34359375868 kB
HardwareCorrupted:     0 kB
AnonHugePages:         0 kB
HugePages_Total:       0
HugePages_Free:        0
HugePages_Rsvd:        0
HugePages_Surp:        0
Hugepagesize:       2048 kB
DirectMap4k:     1052224 kB
DirectMap2M:     7335936 kB


CPU:total 2 (2 cores per cpu, 1 threads per core) family 6 model 15 stepping 6, cmov, cx8, fxsr, mmx, sse, sse2, sse3, ssse3

/proc/cpuinfo:
processor	: 0
vendor_id	: GenuineIntel
cpu family	: 6
model		: 15
model name	: Intel(R) Core(TM)2 CPU          6400  @ 2.13GHz
stepping	: 6
cpu MHz		: 2128.000
cache size	: 2048 KB
physical id	: 0
siblings	: 2
core id		: 0
cpu cores	: 2
apicid		: 0
initial apicid	: 0
fpu		: yes
fpu_exception	: yes
cpuid level	: 10
wp		: yes
flags		: fpu vme de pse tsc msr pae mce cx8 apic sep mtrr pge mca cmov pat pse36 clflush dts acpi mmx fxsr sse sse2 ss ht tm pbe syscall nx lm constant_tsc arch_perfmon pebs bts rep_good nopl aperfmperf pni dtes64 monitor ds_cpl vmx est tm2 ssse3 cx16 xtpr pdcm lahf_lm dts tpr_shadow
bogomips	: 4270.70
clflush size	: 64
cache_alignment	: 64
address sizes	: 36 bits physical, 48 bits virtual
power management:

processor	: 1
vendor_id	: GenuineIntel
cpu family	: 6
model		: 15
model name	: Intel(R) Core(TM)2 CPU          6400  @ 2.13GHz
stepping	: 6
cpu MHz		: 2128.000
cache size	: 2048 KB
physical id	: 0
siblings	: 2
core id		: 1
cpu cores	: 2
apicid		: 1
initial apicid	: 1
fpu		: yes
fpu_exception	: yes
cpuid level	: 10
wp		: yes
flags		: fpu vme de pse tsc msr pae mce cx8 apic sep mtrr pge mca cmov pat pse36 clflush dts acpi mmx fxsr sse sse2 ss ht tm pbe syscall nx lm constant_tsc arch_perfmon pebs bts rep_good nopl aperfmperf pni dtes64 monitor ds_cpl vmx est tm2 ssse3 cx16 xtpr pdcm lahf_lm dts tpr_shadow
bogomips	: 4270.13
clflush size	: 64
cache_alignment	: 64
address sizes	: 36 bits physical, 48 bits virtual
power management:



Memory: 4k page, physical 8195312k(4893104k free), swap 6384636k(5494396k free)

vm_info: Java HotSpot(TM) 64-Bit Server VM (21.0-b17) for linux-amd64 JRE (1.7.0-b147), built on Jun 27 2011 01:30:59 by "java_re" with gcc 4.3.0 20080428 (Red Hat 4.3.0-8)

time: Wed Mar  7 20:43:08 2012
elapsed time: 253824 seconds

